7f45 4c46 0201 0100 0000 0000 0000 0000
0300 3e00 0100 0000 700c 0000 0000 0000
4000 0000 0000 0000 b861 0000 0000 0000
0000 0000 4000 3800 0900 4000 1e00 1d00
0600 0000 0400 0000 4000 0000 0000 0000
4000 0000 0000 0000 4000 0000 0000 0000
f801 0000 0000 0000 f801 0000 0000 0000
0800 0000 0000 0000 0300 0000 0400 0000
3802 0000 0000 0000 3802 0000 0000 0000
3802 0000 0000 0000 1c00 0000 0000 0000
1c00 0000 0000 0000 0100 0000 0000 0000
0100 0000 0500 0000 0000 0000 0000 0000
0000 0000 0000 0000 0000 0000 0000 0000
402e 0000 0000 0000 402e 0000 0000 0000
0000 2000 0000 0000 0100 0000 0600 0000
083d 0000 0000 0000 083d 2000 0000 0000
083d 2000 0000 0000 1003 0000 0000 0000
5805 0000 0000 0000 0000 2000 0000 0000
0200 0000 0600 0000 203d 0000 0000 0000
203d 2000 0000 0000 203d 2000 0000 0000
1002 0000 0000 0000 1002 0000 0000 0000
0800 0000 0000 0000 0400 0000 0400 0000
5402 0000 0000 0000 5402 0000 0000 0000
5402 0000 0000 0000 4400 0000 0000 0000
4400 0000 0000 0000 0400 0000 0000 0000
50e5 7464 0400 0000 7022 0000 0000 0000
7022 0000 0000 0000 7022 0000 0000 0000
3402 0000 0000 0000 3402 0000 0000 0000
0400 0000 0000 0000 51e5 7464 0600 0000
0000 0000 0000 0000 0000 0000 0000 0000
0000 0000 0000 0000 0000 0000 0000 0000
0000 0000 0000 0000 1000 0000 0000 0000
52e5 7464 0400 0000 083d 0000 0000 0000
083d 2000 0000 0000 083d 2000 0000 0000
f802 0000 0000 0000 f802 0000 0000 0000
0100 0000 0000 0000 2f6c 6962 3634 2f6c
642d 6c69 6e75 782d 7838 362d 3634 2e73
6f2e 3200 0400 0000 1000 0000 0100 0000
474e 5500 0000 0000 0300 0000 0200 0000
0000 0000 0400 0000 1400 0000 0300 0000
474e 5500 4740 aa24 fca1 de4f 45db aa78
cb2b 1e5a 90e2 3ad0 0200 0000 1900 0000
0100 0000 0600 0000 0000 1002 0100 0400
1900 0000 0000 0000 1498 0c43 7396 0702
0000 0000 0000 0000 0000 0000 0000 0000
0000 0000 0000 0000 2001 0000 1200 0000
0000 0000 0000 0000 0000 0000 0000 0000
9a00 0000 1200 0000 0000 0000 0000 0000
0000 0000 0000 0000 fd01 0000 2200 0000
0000 0000 0000 0000 0000 0000 0000 0000
d500 0000 1200 0000 0000 0000 0000 0000
0000 0000 0000 0000 ac00 0000 1200 0000
0000 0000 0000 0000 0000 0000 0000 0000
ca00 0000 1200 0000 0000 0000 0000 0000
0000 0000 0000 0000 f001 0000 1200 0000
0000 0000 0000 0000 0000 0000 0000 0000
9300 0000 1200 0000 0000 0000 0000 0000
0000 0000 0000 0000 8701 0000 1200 0000
0000 0000 0000 0000 0000 0000 0000 0000
6d00 0000 1200 0000 0000 0000 0000 0000
0000 0000 0000 0000 df01 0000 1200 0000
0000 0000 0000 0000 0000 0000 0000 0000
5101 0000 1200 0000 0000 0000 0000 0000
0000 0000 0000 0000 9601 0000 1200 0000
0000 0000 0000 0000 0000 0000 0000 0000
3901 0000 1200 0000 0000 0000 0000 0000
0000 0000 0000 0000 0c02 0000 1200 0000
0000 0000 0000 0000 0000 0000 0000 0000
1001 0000 1200 0000 0000 0000 0000 0000
0000 0000 0000 0000 7e00 0000 1200 0000
0000 0000 0000 0000 0000 0000 0000 0000
ae01 0000 1200 0000 0000 0000 0000 0000
0000 0000 0000 0000 1f00 0000 2000 0000
0000 0000 0000 0000 0000 0000 0000 0000
c601 0000 1200 0000 0000 0000 0000 0000
0000 0000 0000 0000 1402 0000 1200 0000
0000 0000 0000 0000 0000 0000 0000 0000
1000 0000 2000 0000 0000 0000 0000 0000
0000 0000 0000 0000 3b00 0000 2000 0000
0000 0000 0000 0000 0000 0000 0000 0000
5500 0000 1200 0000 0000 0000 0000 0000
0000 0000 0000 0000 a401 0000 1100 1900
2040 2000 0000 0000 1001 0000 0000 0000
8d01 0000 1100 1900 4041 2000 0000 0000
1801 0000 0000 0000 006c 6962 7374 6463
2b2b 2e73 6f2e 3600 5f5f 676d 6f6e 5f73
7461 7274 5f5f 005f 4954 4d5f 6465 7265
6769 7374 6572 544d 436c 6f6e 6554 6162
6c65 005f 4954 4d5f 7265 6769 7374 6572
544d 436c 6f6e 6554 6162 6c65 005f 5a4e
5374 3869 6f73 5f62 6173 6534 496e 6974
4431 4576 005f 5a4e 536f 6c73 4550 4652
536f 535f 4500 5f5f 6778 785f 7065 7273
6f6e 616c 6974 795f 7630 005f 5a64 6c50
7600 5f5f 6378 615f 6265 6769 6e5f 6361
7463 6800 5f5a 5374 3230 5f5f 7468 726f
775f 6c65 6e67 7468 5f65 7272 6f72 504b
6300 5f5a 4e53 6972 7345 5269 005f 5a53
7434 656e 646c 4963 5374 3131 6368 6172
5f74 7261 6974 7349 6345 4552 5374 3133
6261 7369 635f 6f73 7472 6561 6d49 545f
5430 5f45 5336 5f00 5f5f 6378 615f 656e
645f 6361 7463 6800 5f5a 5374 3137 5f5f
7468 726f 775f 6261 645f 616c 6c6f 6376
005f 5a4e 5374 3869 6f73 5f62 6173 6534
496e 6974 4331 4576 005f 5a53 746c 7349
5374 3131 6368 6172 5f74 7261 6974 7349
6345 4552 5374 3133 6261 7369 635f 6f73
7472 6561 6d49 6354 5f45 5335 5f63 005f
5a6e 776d 005f 5a53 7433 6369 6e00 5f5f
6378 615f 7265 7468 726f 7700 5f5a 5374
3463 6f75 7400 5f5a 4e53 6f6c 7345 6900
6c69 6267 6363 5f73 2e73 6f2e 3100 5f55
6e77 696e 645f 5265 7375 6d65 006c 6962
632e 736f 2e36 005f 5f73 7461 636b 5f63
686b 5f66 6169 6c00 5f5f 6378 615f 6174
6578 6974 005f 5f63 7861 5f66 696e 616c
697a 6500 6d65 6d6d 6f76 6500 5f5f 6c69
6263 5f73 7461 7274 5f6d 6169 6e00 4743
435f 332e 3000 474c 4942 435f 322e 3400
474c 4942 435f 322e 322e 3500 4358 5841
4249 5f31 2e33 0047 4c49 4243 5858 5f33
2e34 0000 0000 0200 0300 0400 0200 0200
0200 0400 0200 0200 0200 0500 0200 0300
0200 0400 0300 0300 0200 0000 0600 0400
0000 0000 0200 0200 0200 0000 0000 0000
0100 0100 b801 0000 1000 0000 2000 0000
5026 790b 0000 0600 2602 0000 0000 0000
0100 0200 d501 0000 1000 0000 3000 0000
1469 690d 0000 0500 2e02 0000 1000 0000
751a 6909 0000 0400 3802 0000 0000 0000
0100 0200 0100 0000 1000 0000 0000 0000
d3af 6b05 0000 0300 4402 0000 1000 0000
7429 9208 0000 0200 4f02 0000 0000 0000
083d 2000 0000 0000 0800 0000 0000 0000
700d 0000 0000 0000 103d 2000 0000 0000
0800 0000 0000 0000 4a15 0000 0000 0000
183d 2000 0000 0000 0800 0000 0000 0000
300d 0000 0000 0000 0840 2000 0000 0000
0800 0000 0000 0000 0840 2000 0000 0000
c83f 2000 0000 0000 0600 0000 0300 0000
0000 0000 0000 0000 d03f 2000 0000 0000
0600 0000 0400 0000 0000 0000 0000 0000
d83f 2000 0000 0000 0600 0000 1300 0000
0000 0000 0000 0000 e03f 2000 0000 0000
0600 0000 1500 0000 0000 0000 0000 0000
e83f 2000 0000 0000 0600 0000 1600 0000
0000 0000 0000 0000 f03f 2000 0000 0000
0600 0000 1700 0000 0000 0000 0000 0000
f83f 2000 0000 0000 0600 0000 1800 0000
0000 0000 0000 0000 1040 2000 0000 0000
0100 0000 1100 0000 0000 0000 0000 0000
2040 2000 0000 0000 0500 0000 1900 0000
0000 0000 0000 0000 4041 2000 0000 0000
0500 0000 1a00 0000 0000 0000 0000 0000
483f 2000 0000 0000 0700 0000 0100 0000
0000 0000 0000 0000 503f 2000 0000 0000
0700 0000 0200 0000 0000 0000 0000 0000
583f 2000 0000 0000 0700 0000 0500 0000
0000 0000 0000 0000 603f 2000 0000 0000
0700 0000 0600 0000 0000 0000 0000 0000
683f 2000 0000 0000 0700 0000 0700 0000
0000 0000 0000 0000 703f 2000 0000 0000
0700 0000 0800 0000 0000 0000 0000 0000
783f 2000 0000 0000 0700 0000 0900 0000
0000 0000 0000 0000 803f 2000 0000 0000
0700 0000 0a00 0000 0000 0000 0000 0000
883f 2000 0000 0000 0700 0000 0b00 0000
0000 0000 0000 0000 903f 2000 0000 0000
0700 0000 0c00 0000 0000 0000 0000 0000
983f 2000 0000 0000 0700 0000 0d00 0000
0000 0000 0000 0000 a03f 2000 0000 0000
0700 0000 0e00 0000 0000 0000 0000 0000
a83f 2000 0000 0000 0700 0000 0f00 0000
0000 0000 0000 0000 b03f 2000 0000 0000
0700 0000 1000 0000 0000 0000 0000 0000
b83f 2000 0000 0000 0700 0000 1200 0000
0000 0000 0000 0000 c03f 2000 0000 0000
0700 0000 1400 0000 0000 0000 0000 0000
4883 ec08 488b 05ad 3420 0048 85c0 7402
ffd0 4883 c408 c300 0000 0000 0000 0000
ff35 e233 2000 ff25 e433 2000 0f1f 4000
ff25 e233 2000 6800 0000 00e9 e0ff ffff
ff25 da33 2000 6801 0000 00e9 d0ff ffff
ff25 d233 2000 6802 0000 00e9 c0ff ffff
ff25 ca33 2000 6803 0000 00e9 b0ff ffff
ff25 c233 2000 6804 0000 00e9 a0ff ffff
ff25 ba33 2000 6805 0000 00e9 90ff ffff
ff25 b233 2000 6806 0000 00e9 80ff ffff
ff25 aa33 2000 6807 0000 00e9 70ff ffff
ff25 a233 2000 6808 0000 00e9 60ff ffff
ff25 9a33 2000 6809 0000 00e9 50ff ffff
ff25 9233 2000 680a 0000 00e9 40ff ffff
ff25 8a33 2000 680b 0000 00e9 30ff ffff
ff25 8233 2000 680c 0000 00e9 20ff ffff
ff25 7a33 2000 680d 0000 00e9 10ff ffff
ff25 7233 2000 680e 0000 00e9 00ff ffff
ff25 6a33 2000 680f 0000 00e9 f0fe ffff
ff25 6233 2000 6690 0000 0000 0000 0000
31ed 4989 d15e 4889 e248 83e4 f050 544c
8d05 ba15 0000 488d 0d43 1500 0048 8d3d
2007 0000 ff15 4633 2000 f40f 1f44 0000
488d 3d71 3320 0055 488d 0569 3320 0048
39f8 4889 e574 1948 8b05 1a33 2000 4885
c074 0d5d ffe0 662e 0f1f 8400 0000 0000
5dc3 0f1f 4000 662e 0f1f 8400 0000 0000
488d 3d31 3320 0048 8d35 2a33 2000 5548
29fe 4889 e548 c1fe 0348 89f0 48c1 e83f
4801 c648 d1fe 7418 488b 05e1 3220 0048
85c0 740c 5dff e066 0f1f 8400 0000 0000
5dc3 0f1f 4000 662e 0f1f 8400 0000 0000
803d 2135 2000 0075 2f48 833d 8732 2000
0055 4889 e574 0c48 8b3d ba32 2000 e80d
ffff ffe8 48ff ffff c605 f934 2000 015d
c30f 1f80 0000 0000 f3c3 660f 1f44 0000
5548 89e5 5de9 66ff ffff 5548 89e5 4889
7de8 4889 75e0 488b 45e8 8b00 8945 fc48
8b45 e08b 1048 8b45 e889 1048 8b45 e08b
55fc 8910 905d c355 4889 e553 4883 ec28
4889 7dd8 488b 45d8 4889 c7e8 b207 0000
8945 ecc7 45e4 0000 0000 8b45 e43b 45ec
0f8d b200 0000 c645 e300 c745 e800 0000
008b 45ec 83e8 0139 45e8 0f8d 8200 0000
8b45 e848 63d0 488b 45d8 4889 d648 89c7
e893 0700 008b 188b 45e8 83c0 0148 63d0
488b 45d8 4889 d648 89c7 e879 0700 008b
0039 c30f 9fc0 84c0 743f 8b45 e883 c001
4863 d048 8b45 d848 89d6 4889 c7e8 5607
0000 4889 c38b 45e8 4863 d048 8b45 d848
89d6 4889 c7e8 3e07 0000 4889 de48 89c7
e815 ffff ffc6 45e3 0183 45e8 01e9 6fff
ffff 0fb6 45e3 83f0 0184 c075 0983 45e4
01e9 44ff ffff 9090 9048 83c4 285b 5dc3
5548 89e5 5348 83ec 2848 897d d848 8b45
d848 89c7 e8c9 0600 0089 45e8 c745 e001
0000 008b 45e0 3b45 e80f 8db8 0000 008b
45e0 4863 d048 8b45 d848 89d6 4889 c7e8
c406 0000 8b00 8945 ec8b 45e0 8945 e483
7de4 007e 268b 45e4 83e8 0148 63d0 488b
45d8 4889 d648 89c7 e89b 0600 008b 0039
45ec 7d07 b801 0000 00eb 05b8 0000 0000
84c0 743d 8b45 e483 e801 4863 d048 8b45
d848 89d6 4889 c7e8 6c06 0000 4889 c38b
45e4 4863 d048 8b45 d848 89d6 4889 c7e8
5406 0000 4889 c28b 0389 0283 6de4 01eb
8e8b 45e4 4863 d048 8b45 d848 89d6 4889
c7e8 3206 0000 4889 c28b 45ec 8902 8345
e001 e93c ffff ff90 4883 c428 5b5d c355
4889 e553 4883 ec28 4889 7dd8 488b 45d8
4889 c7e8 da05 0000 8945 ecc7 45e0 0000
0000 8b45 e03b 45ec 0f8d a300 0000 8b45
e089 45e4 8b45 e083 c001 8945 e88b 45e8
3b45 ec7d 438b 45e8 4863 d048 8b45 d848
89d6 4889 c7e8 be05 0000 8b18 8b45 e448
63d0 488b 45d8 4889 d648 89c7 e8a7 0500
008b 0039 c30f 9cc0 84c0 7406 8b45 e889
45e4 8345 e801 ebb5 8b45 e43b 45e0 7438
8b45 e048 63d0 488b 45d8 4889 d648 89c7
e873 0500 0048 89c3 8b45 e448 63d0 488b
45d8 4889 d648 89c7 e85b 0500 0048 89de
4889 c7e8 32fd ffff 8345 e001 e951 ffff
ff90 4883 c428 5b5d c355 4889 e541 5741
5641 5541 5453 4883 ec68 4889 7d88 8975
8489 5580 898d 7cff ffff 6448 8b04 2528
0000 0048 8945 c831 c048 89e0 4889 c38b
4580 2b45 8483 c001 8945 a08b 857c ffff
ff2b 4580 8945 a48b 45a0 4898 4883 e801
4889 45a8 4889 c248 83c2 0149 89d6 41bf
0000 0000 4889 c248 83c2 0149 89d4 41bd
0000 0000 4883 c001 48c1 e002 488d 5003
b810 0000 0048 83e8 0148 01d0 be10 0000
00ba 0000 0000 48f7 f648 6bc0 1048 29c4
4889 e048 83c0 0348 c1e8 0248 c1e0 0248
8945 b08b 45a4 4898 4883 e801 4889 45b8
4889 c248 83c2 0149 89d2 41bb 0000 0000
4889 c248 83c2 0149 89d0 41b9 0000 0000
4883 c001 48c1 e002 488d 5003 b810 0000
0048 83e8 0148 01d0 bf10 0000 00ba 0000
0000 48f7 f748 6bc0 1048 29c4 4889 e048
83c0 0348 c1e8 0248 c1e0 0248 8945 c0c7
459c 0000 0000 8b45 9c3b 45a0 7d2f 8b55
848b 459c 01d0 4863 d048 8b45 8848 89d6
4889 c7e8 f003 0000 8b08 488b 45b0 8b55
9c48 63d2 890c 9083 459c 01eb c9c7 4598
0000 0000 8b45 983b 45a4 7d32 8b45 808d
5001 8b45 9801 d048 63d0 488b 4588 4889
d648 89c7 e8af 0300 008b 0848 8b45 c08b
5598 4863 d289 0c90 8345 9801 ebc6 c745
9c00 0000 00c7 4598 0000 0000 8b45 8489
4594 8b45 9c3b 45a0 0f8d 8700 0000 8b45
983b 45a4 7d7f 488b 45b0 8b55 9c48 63d2
8b0c 9048 8b45 c08b 5598 4863 d28b 0490
39c1 7f2d 8b45 9448 63d0 488b 4588 4889
d648 89c7 e83f 0300 0048 89c1 488b 45b0
8b55 9c48 63d2 8b04 9089 0183 459c 01eb
2b8b 4594 4863 d048 8b45 8848 89d6 4889
c7e8 1203 0000 4889 c148 8b45 c08b 5598
4863 d28b 0490 8901 8345 9801 8345 9401
e96d ffff ff8b 459c 3b45 a07d 318b 4594
4863 d048 8b45 8848 89d6 4889 c7e8 d602
0000 4889 c148 8b45 b08b 559c 4863 d28b
0490 8901 8345 9c01 8345 9401 ebc7 8b45
983b 45a4 7d31 8b45 9448 63d0 488b 4588
4889 d648 89c7 e89d 0200 0048 89c1 488b
45c0 8b55 9848 63d2 8b04 9089 0183 4598
0183 4594 01eb c748 89dc 9048 8b45 c864
4833 0425 2800 0000 7405 e8b1 f8ff ff48
8d65 d85b 415c 415d 415e 415f 5dc3 5548
89e5 4883 ec20 4889 7de8 8975 e489 55e0
8b45 e43b 45e0 7d59 8b45 e02b 45e4 89c2
c1ea 1f01 d0d1 f889 c28b 45e4 01d0 8945
fc8b 55fc 8b4d e448 8b45 e889 ce48 89c7
e8b9 ffff ff8b 45fc 8d48 018b 55e0 488b
45e8 89ce 4889 c7e8 a2ff ffff 8b4d e08b
55fc 8b75 e448 8b45 e848 89c7 e8a8 fcff
ff90 c9c3 5548 89e5 5348 83ec 4864 488b
0425 2800 0000 4889 45e8 31c0 c745 b800
0000 0048 8d45 bc48 89c6 488d 3d5f 2d20
00e8 aaf7 ffff 488d 45d0 4889 c7e8 c601
0000 c745 c000 0000 008b 45bc 3945 c07d
2c48 8d45 b848 89c6 488d 3d31 2d20 00e8
7cf7 ffff 488d 55b8 488d 45d0 4889 d648
89c7 e8f1 0100 0083 45c0 01eb ccc7 45c8
0000 0000 488d 45d0 4889 c7e8 3201 0000
83e8 0189 45cc 8b55 cc8b 4dc8 488d 45d0
89ce 4889 c7e8 e4fe ffff c745 c400 0000
008b 45bc 3945 c47d 388b 45c4 4863 d048
8d45 d048 89d6 4889 c7e8 1a01 0000 8b00
89c6 488d 3d97 2b20 00e8 b2f7 ffff be20
0000 0048 89c7 e855 f7ff ff83 45c4 01eb
c048 8b05 282b 2000 4889 c648 8d3d 6e2b
2000 e819 f7ff ffbb 0000 0000 488d 45d0
4889 c7e8 0c01 0000 89d8 488b 4de8 6448
330c 2528 0000 0074 21eb 1a48 89c3 488d
45d0 4889 c7e8 ea00 0000 4889 d848 89c7
e85b f7ff ffe8 e6f6 ffff 4883 c448 5b5d
c355 4889 e548 83ec 1089 7dfc 8975 f883
7dfc 0175 3281 7df8 ffff 0000 7529 488d
3d34 2d20 00e8 e6f6 ffff 488d 15d7 2a20
0048 8d35 212d 2000 488b 05b9 2a20 0048
89c7 e859 f6ff ff90 c9c3 5548 89e5 beff
ff00 00bf 0100 0000 e8a4 ffff ff5d c355
4889 e548 897d f848 8975 f048 8b45 f05d
c390 5548 89e5 4889 7df8 488b 45f8 488b
4008 4889 c248 8b45 f848 8b00 4829 c248
89d0 48c1 f802 5dc3 5548 89e5 4889 7df8
4889 75f0 488b 45f8 488b 0048 8b55 f048
c1e2 0248 01d0 5dc3 5548 89e5 4883 ec10
4889 7df8 488b 45f8 4889 c7e8 e000 0000
90c9 c390 5548 89e5 4883 ec10 4889 7df8
488b 45f8 4889 c7e8 3001 0000 4889 c248
8b45 f848 8b48 0848 8b45 f848 8b00 4889
ce48 89c7 e821 0100 0048 8b45 f848 89c7
e8b7 0000 0090 c9c3 5548 89e5 4883 ec10
4889 7df8 4889 75f0 488b 45f8 488b 5008
488b 45f8 488b 4010 4839 c274 3148 8b45
f848 8b48 0848 8b45 f848 8b55 f048 89ce
4889 c7e8 0a01 0000 488b 45f8 488b 4008
488d 5004 488b 45f8 4889 5008 eb22 488b
45f8 4889 c7e8 2201 0000 4889 c148 8b55
f048 8b45 f848 89ce 4889 c7e8 5801 0000
90c9 c390 5548 89e5 4883 ec10 4889 7df8
488b 45f8 4889 c7e8 f603 0000 90c9 c390
5548 89e5 4883 ec10 4889 7df8 488b 45f8
4889 c7e8 9c03 0000 90c9 c390 5548 89e5
4883 ec10 4889 7df8 488b 45f8 488b 4010
4889 c248 8b45 f848 8b00 4829 c248 89d0
48c1 f802 4889 c248 8b45 f848 8b08 488b
45f8 4889 ce48 89c7 e8b1 0300 0048 8b45
f848 89c7 e87b ffff ff90 c9c3 5548 89e5
4889 7df8 488b 45f8 5dc3 5548 89e5 4883
ec20 4889 7df8 4889 75f0 4889 55e8 488b
55f0 488b 45f8 4889 d648 89c7 e8a2 0300
0090 c9c3 5548 89e5 4889 7df8 488b 45f8
5dc3 5548 89e5 4883 ec20 4889 7df8 4889
75f0 4889 55e8 488b 45e8 4889 c7e8 d2ff
ffff 4889 c248 8b4d f048 8b45 f848 89ce
4889 c7e8 8203 0000 90c9 c390 5548 89e5
4883 ec20 4889 7de8 6448 8b04 2528 0000
0048 8945 f831 c048 8b45 e848 8d50 0848
8d45 f048 89d6 4889 c7e8 9003 0000 488b
45f0 488b 4df8 6448 330c 2528 0000 0074
05e8 faf3 ffff c9c3 5548 89e5 4154 5348
83ec 5048 897d b848 8975 b048 8955 a864
488b 0425 2800 0000 4889 45e8 31c0 488b
45b8 488d 153c 0a00 00be 0100 0000 4889
c7e8 5603 0000 4889 45d0 488b 45b8 4889
c7e8 3204 0000 4889 45c0 488d 55c0 488d
45b0 4889 d648 89c7 e863 0400 0048 8945
d848 8b45 b848 8b55 d048 89d6 4889 c7e8
9004 0000 4889 45e0 488b 45e0 4889 45c8
488b 45a8 4889 c7e8 d8fe ffff 4889 c648
8b45 d848 8d14 8500 0000 0048 8b45 e048
8d0c 0248 8b45 b848 89f2 4889 ce48 89c7
e8bd feff ff48 c745 c800 0000 0048 8b45
b848 89c7 e863 feff ff48 89c3 488d 45b0
4889 c7e8 6004 0000 488b 3048 8b45 b848
8b00 488b 55e0 4889 d948 89c7 e855 0400
0048 8945 c848 8345 c804 488b 45b8 4889
c7e8 26fe ffff 4989 c448 8b45 b848 8b58
0848 8d45 b048 89c7 e81b 0400 0048 8b00
488b 55c8 4c89 e148 89de 4889 c7e8 1404
0000 4889 45c8 488b 45b8 4889 c7e8 eafd
ffff 4889 c248 8b45 b848 8b48 0848 8b45
b848 8b00 4889 ce48 89c7 e8db fdff ff48
8b45 b848 8b55 b848 8b52 1048 89d1 488b
55b8 488b 1248 29d1 4889 ca48 c1fa 0248
89d6 488b 55b8 488b 0a48 89f2 4889 ce48
89c7 e837 0100 0048 8b45 b848 8b55 e048
8910 488b 45b8 488b 55c8 4889 5008 488b
45d0 488d 1485 0000 0000 488b 45e0 4801
c248 8b45 b848 8950 1090 488b 45e8 6448
3304 2528 0000 000f 848e 0000 00e9 8400
0000 4889 c7e8 96f1 ffff 4883 7dc8 0075
2448 8b45 d848 8d14 8500 0000 0048 8b45
e048 01c2 488b 45b8 4889 d648 89c7 e887
0300 00eb 2248 8b45 b848 89c7 e80b fdff
ff48 89c2 488b 4dc8 488b 45e0 4889 ce48
89c7 e803 fdff ff48 8b45 b848 8b55 d048
8b4d e048 89ce 4889 c7e8 8000 0000 e8bd
f1ff ff48 89c3 e8e5 f1ff ff48 89d8 4889
c7e8 faf1 ffff e885 f1ff ff48 83c4 505b
415c 5dc3 5548 89e5 4883 ec10 4889 7df8
488b 45f8 4889 c7e8 3403 0000 488b 45f8
48c7 0000 0000 0048 8b45 f848 c740 0800
0000 0048 8b45 f848 c740 1000 0000 0090
c9c3 5548 89e5 4883 ec10 4889 7df8 488b
45f8 4889 c7e8 1203 0000 90c9 c390 5548
89e5 4883 ec20 4889 7df8 4889 75f0 4889
55e8 4883 7df0 0074 1748 8b45 f848 8b55
e848 8b4d f048 89ce 4889 c7e8 e702 0000
90c9 c355 4889 e548 83ec 1048 897d f848
8975 f048 8b55 f048 8b45 f848 89d6 4889
c7e8 ef02 0000 90c9 c390 5548 89e5 5348
83ec 2848 897d e848 8975 e048 8955 d848
8b45 d848 89c7 e819 fcff ff8b 1848 8b45
e048 89c6 bf04 0000 00e8 11fa ffff 4885
c074 0289 1890 4883 c428 5b5d c390 5548
89e5 4889 7df8 4889 75f0 488b 45f0 488b
1048 8b45 f848 8910 905d c390 5548 89e5
5348 83ec 4848 897d c848 8975 c048 8955
b864 488b 0425 2800 0000 4889 45e8 31c0
488b 45c8 4889 c7e8 6802 0000 4889 c348
8b45 c848 89c7 e8b7 f9ff ff48 29c3 4889
da48 8b45 c048 39c2 0f92 c084 c074 0c48
8b45 b848 89c7 e8a5 efff ff48 8b45 c848
89c7 e88b f9ff ff48 89c3 488b 45c8 4889
c7e8 7cf9 ffff 4889 45d8 488d 55c0 488d
45d8 4889 d648 89c7 e829 0200 0048 8b00
4801 d848 8945 e048 8b45 c848 89c7 e84f
f9ff ff48 3945 e072 1248 8b45 c848 89c7
e8df 0100 0048 3945 e076 0e48 8b45 c848
89c7 e8cd 0100 00eb 0448 8b45 e048 8b4d
e864 4833 0c25 2800 0000 7405 e87f efff
ff48 83c4 485b 5dc3 5548 89e5 4883 ec20
4889 7de8 6448 8b04 2528 0000 0048 8945
f831 c048 8b55 e848 8d45 f048 89d6 4889
c7e8 c8fe ffff 488b 45f0 488b 4df8 6448
330c 2528 0000 0074 05e8 32ef ffff c9c3
5548 89e5 5348 83ec 1848 897d e848 8975
e048 8b45 e848 89c7 e85b 0000 0048 8b00
4889 c348 8b45 e048 89c7 e849 0000 0048
8b00 4829 c348 89d8 48c1 f802 4883 c418
5b5d c390 5548 89e5 4883 ec10 4889 7df8
4889 75f0 4883 7df0 0074 1548 8b45 f848
8b55 f048 89d6 4889 c7e8 4301 0000 eb05
b800 0000 00c9 c390 5548 89e5 4889 7df8
488b 45f8 5dc3 5548 89e5 5348 83ec 2848
897d e848 8975 e048 8955 d848 894d d048
8b45 e048 89c7 e830 0100 0048 89c3 488b
45e8 4889 c7e8 2101 0000 4889 c748 8b55
d048 8b45 d848 89d1 4889 c248 89de e850
0100 0048 83c4 285b 5dc3 5548 89e5 4883
ec10 4889 7df8 4889 75f0 488b 55f0 488b
45f8 4889 d648 89c7 e857 0100 0090 c9c3
5548 89e5 4883 ec10 4889 7df8 488b 45f8
4889 c7e8 4c01 0000 90c9 c390 5548 89e5
4889 7df8 905d c355 4889 e548 83ec 2048
897d f848 8975 f048 8955 e848 8b55 e848
8b4d f048 8b45 f848 89ce 4889 c7e8 1e01
0000 90c9 c355 4889 e548 897d f848 8975
f090 5dc3 5548 89e5 4883 ec10 4889 7df8
488b 45f8 4889 c7e8 3201 0000 4889 c7e8
0f01 0000 c9c3 5548 89e5 4889 7df8 4889
75f0 488b 45f8 488b 1048 8b45 f048 8b00
4839 c273 0648 8b45 f0eb 0448 8b45 f85d
c355 4889 e548 83ec 1048 897d f848 8975
f048 8b4d f048 8b45 f8ba 0000 0000 4889
ce48 89c7 e8e3 0000 00c9 c355 4889 e548
83ec 2048 897d e864 488b 0425 2800 0000
4889 45f8 31c0 488b 55e8 488d 45f0 4889
d648 89c7 e8f5 0000 0048 8b45 f048 8b4d
f864 4833 0c25 2800 0000 7405 e80f edff
ffc9 c355 4889 e548 83ec 2048 897d f848
8975 f048 8955 e848 894d e048 8b55 e848
8b4d f048 8b45 f848 89ce 4889 c7e8 c600
0000 c9c3 5548 89e5 4889 7df8 4889 75f0
905d c390 5548 89e5 4889 7df8 905d c390
5548 89e5 4883 ec20 4889 7df8 4889 75f0
4889 55e8 488b 45f0 4889 c7e8 70ec ffff
90c9 c355 4889 e548 83ec 1048 897d f848
8b45 f848 89c7 e89f 0000 00c9 c390 5548
89e5 4889 7df8 488b 45f8 5dc3 5548 89e5
4883 ec20 4889 7df8 4889 75f0 4889 55e8
488b 45f8 4889 c7e8 6e00 0000 4839 45f0
0f97 c084 c074 05e8 c4eb ffff 488b 45f0
48c1 e002 4889 c7e8 14ec ffff c9c3 5548
89e5 4889 7df8 4889 75f0 488b 45f8 488b
55f0 4889 1090 5dc3 5548 89e5 4883 ec30
4889 7de8 4889 75e0 4889 55d8 c645 ff01
488b 55d8 488b 4de0 488b 45e8 4889 ce48
89c7 e817 0000 00c9 c390 5548 89e5 4889
7df8 48b8 ffff ffff ffff ff3f 5dc3 5548
89e5 4883 ec20 4889 7df8 4889 75f0 4889
55e8 488b 55e8 488b 4df0 488b 45f8 4889
ce48 89c7 e802 0000 00c9 c355 4889 e553
4883 ec28 4889 7de8 4889 75e0 4889 55d8
488b 45e0 4889 c7e8 2b00 0000 4889 c348
8b45 e848 89c7 e81c 0000 0048 89c1 488b
45d8 4889 c248 89de 4889 cfe8 2900 0000
4883 c428 5b5d c355 4889 e548 83ec 1048
897d f848 8d45 f848 89c7 e863 0000 0048
89c7 e86c 0000 00c9 c355 4889 e541 5453
4883 ec20 4889 7de8 4889 75e0 4889 55d8
488b 45d8 4889 c7e8 5500 0000 4989 c448
8b45 e048 89c7 e846 0000 0048 89c3 488b
45e8 4889 c7e8 3700 0000 4c89 e248 89de
4889 c7e8 3700 0000 4883 c420 5b41 5c5d
c390 5548 89e5 4889 7df8 488b 45f8 488b
005d c355 4889 e548 897d f848 8b45 f85d
c355 4889 e548 897d f848 8b45 f85d c355
4889 e548 83ec 3048 897d e848 8975 e048
8955 d8c6 45ff 0148 8b55 d848 8b4d e048
8b45 e848 89ce 4889 c7e8 0200 0000 c9c3
5548 89e5 4883 ec30 4889 7de8 4889 75e0
4889 55d8 488b 55e0 488b 45e8 4829 c248
89d0 48c1 f802 4889 45f8 4883 7df8 0074
1f48 8b45 f848 8d14 8500 0000 0048 8b4d
e848 8b45 d848 89ce 4889 c7e8 70ea ffff
488b 45f8 488d 1485 0000 0000 488b 45d8
4801 d0c9 c366 2e0f 1f84 0000 0000 0090
4157 4156 4989 d741 5541 544c 8d25 261b
2000 5548 8d2d 2e1b 2000 5341 89fd 4989
f64c 29e5 4883 ec08 48c1 fd03 e82f e9ff
ff48 85ed 7420 31db 0f1f 8400 0000 0000
4c89 fa4c 89f6 4489 ef41 ff14 dc48 83c3
0148 39dd 75ea 4883 c408 5b5d 415c 415d
415e 415f c390 662e 0f1f 8400 0000 0000
f3c3 0000 4883 ec08 4883 c408 c300 0000
0100 0200 0076 6563 746f 723a 3a5f 4d5f
7265 616c 6c6f 635f 696e 7365 7274 0000
011b 033b 3402 0000 4500 0000 e0e8 ffff
8002 0000 f0e9 ffff a802 0000 00ea ffff
5002 0000 0aeb ffff e002 0000 37eb ffff
0003 0000 20ec ffff 2403 0000 0fed ffff
4803 0000 e9ed ffff 6c03 0000 cef0 ffff
9803 0000 44f1 ffff d803 0000 91f2 ffff
e40a 0000 daf2 ffff 040b 0000 eff2 ffff
c002 0000 02f3 ffff 0004 0000 28f3 ffff
2004 0000 48f3 ffff 4004 0000 64f3 ffff
6404 0000 a8f3 ffff 8804 0000 24f4 ffff
a804 0000 40f4 ffff c804 0000 5cf4 ffff
e804 0000 acf4 ffff 0c05 0000 baf4 ffff
2c05 0000 e4f4 ffff 4c05 0000 f2f4 ffff
6c05 0000 2cf5 ffff 8c05 0000 78f5 ffff
ac05 0000 f4f7 ffff d405 0000 32f8 ffff
f405 0000 4ef8 ffff 1406 0000 83f8 ffff
3406 0000 aaf8 ffff 5406 0000 eef8 ffff
7406 0000 0cf9 ffff 9406 0000 f8f9 ffff
b806 0000 40fa ffff d806 0000 84fa ffff
f806 0000 b8fa ffff 1807 0000 c6fa ffff
3807 0000 1afb ffff 5c07 0000 40fb ffff
7c07 0000 5cfb ffff 9c07 0000 67fb ffff
bc07 0000 95fb ffff dc07 0000 a4fb ffff
fc07 0000 c6fb ffff 1c08 0000 f1fb ffff
3c08 0000 1bfc ffff 5c08 0000 63fc ffff
7c08 0000 94fc ffff 9c08 0000 a4fc ffff
bc08 0000 b0fc ffff dc08 0000 d3fc ffff
fc08 0000 eefc ffff 1c09 0000 fcfc ffff
3c09 0000 3efd ffff 5c09 0000 58fd ffff
7c09 0000 8afd ffff 9c09 0000 9efd ffff
bc09 0000 cbfd ffff dc09 0000 17fe ffff
000a 0000 39fe ffff 200a 0000 92fe ffff
440a 0000 a3fe ffff 640a 0000 b1fe ffff
840a 0000 bffe ffff a40a 0000 f0fe ffff
c40a 0000 60ff ffff 280b 0000 d0ff ffff
700b 0000 0000 0000 1400 0000 0000 0000
017a 5200 0178 1001 1b0c 0708 9001 0710
1400 0000 1c00 0000 a8e7 ffff 2b00 0000
0000 0000 0000 0000 1400 0000 0000 0000
017a 5200 0178 1001 1b0c 0708 9001 0000
2400 0000 1c00 0000 58e6 ffff 1001 0000
000e 1046 0e18 4a0f 0b77 0880 003f 1a3b
2a33 2422 0000 0000 1400 0000 4400 0000
40e7 ffff 0800 0000 0000 0000 0000 0000
1c00 0000 5c00 0000 27f0 ffff 1200 0000
0041 0e10 8602 430d 064d 0c07 0800 0000
1c00 0000 7c00 0000 22e8 ffff 2d00 0000
0041 0e10 8602 430d 0668 0c07 0800 0000
2000 0000 9c00 0000 2fe8 ffff e900 0000
0041 0e10 8602 430d 0645 8303 02df 0c07
0800 0000 2000 0000 c000 0000 f4e8 ffff
ef00 0000 0041 0e10 8602 430d 0645 8303
02e5 0c07 0800 0000 2000 0000 e400 0000
bfe9 ffff da00 0000 0041 0e10 8602 430d
0645 8303 02d0 0c07 0800 0000 2800 0000
0801 0000 75ea ffff e502 0000 0041 0e10
8602 430d 064d 8f03 8e04 8d05 8c06 8307
03d3 020c 0708 0000 1c00 0000 3401 0000
2eed ffff 7600 0000 0041 0e10 8602 430d
0602 710c 0708 0000 1c00 0000 0000 0000
017a 504c 5200 0178 1007 9bd5 1920 001b
1b0c 0708 9001 0000 2400 0000 2400 0000
64ed ffff 4d01 0000 049f 0700 0041 0e10
8602 430d 0645 8303 0343 010c 0708 0000
1c00 0000 9c01 0000 faee ffff 2600 0000
0041 0e10 8602 430d 0661 0c07 0800 0000
1c00 0000 bc01 0000 00ef ffff 2000 0000
0041 0e10 8602 430d 065b 0c07 0800 0000
2000 0000 8c00 0000 00ef ffff 1b00 0000
044a 0700 0041 0e10 8602 430d 0656 0c07
0800 0000 2000 0000 b000 0000 f8ee ffff
4400 0000 042a 0700 0041 0e10 8602 430d
067f 0c07 0800 0000 1c00 0000 2402 0000
18ef ffff 7b00 0000 0041 0e10 8602 430d
0602 760c 0708 0000 1c00 0000 4402 0000
74ef ffff 1b00 0000 0041 0e10 8602 430d
0656 0c07 0800 0000 1c00 0000 6402 0000
70ef ffff 1b00 0000 0041 0e10 8602 430d
0656 0c07 0800 0000 2000 0000 3401 0000
6cef ffff 5000 0000 04aa 0600 0041 0e10
8602 430d 0602 4b0c 0708 0000 1c00 0000
a802 0000 98ef ffff 0e00 0000 0041 0e10
8602 430d 0649 0c07 0800 0000 1c00 0000
c802 0000 86ef ffff 2a00 0000 0041 0e10
8602 430d 0665 0c07 0800 0000 1c00 0000
e802 0000 90ef ffff 0e00 0000 0041 0e10
8602 430d 0649 0c07 0800 0000 1c00 0000
0803 0000 7eef ffff 3900 0000 0041 0e10
8602 430d 0674 0c07 0800 0000 1c00 0000
2803 0000 98ef ffff 4c00 0000 0041 0e10
8602 430d 0602 470c 0708 0000 2400 0000
f801 0000 c4ef ffff 7c02 0000 04eb 0500
0041 0e10 8602 430d 0647 8c03 8304 0370
020c 0708 1c00 0000 7003 0000 18f2 ffff
3e00 0000 0041 0e10 8602 430d 0679 0c07
0800 0000 1c00 0000 9003 0000 36f2 ffff
1b00 0000 0041 0e10 8602 430d 0656 0c07
0800 0000 1c00 0000 b003 0000 32f2 ffff
3500 0000 0041 0e10 8602 430d 0670 0c07
0800 0000 1c00 0000 d003 0000 47f2 ffff
2600 0000 0041 0e10 8602 430d 0661 0c07
0800 0000 1c00 0000 f003 0000 4ef2 ffff
4300 0000 0041 0e10 8602 430d 0645 8303
790c 0708 1c00 0000 1004 0000 72f2 ffff
1d00 0000 0041 0e10 8602 430d 0658 0c07
0800 0000 2000 0000 3004 0000 70f2 ffff
ec00 0000 0041 0e10 8602 430d 0645 8303
02e2 0c07 0800 0000 1c00 0000 5404 0000
38f3 ffff 4800 0000 0041 0e10 8602 430d
0602 430c 0708 0000 1c00 0000 7404 0000
60f3 ffff 4300 0000 0041 0e10 8602 430d
0645 8303 790c 0708 1c00 0000 9404 0000
84f3 ffff 3300 0000 0041 0e10 8602 430d
066e 0c07 0800 0000 1c00 0000 b404 0000
98f3 ffff 0e00 0000 0041 0e10 8602 430d
0649 0c07 0800 0000 2000 0000 d404 0000
86f3 ffff 5400 0000 0041 0e10 8602 430d
0645 8303 024a 0c07 0800 0000 1c00 0000
f804 0000 b6f3 ffff 2600 0000 0041 0e10
8602 430d 0661 0c07 0800 0000 1c00 0000
1805 0000 bcf3 ffff 1b00 0000 0041 0e10
8602 430d 0656 0c07 0800 0000 1c00 0000
3805 0000 b8f3 ffff 0b00 0000 0041 0e10
8602 430d 0646 0c07 0800 0000 1c00 0000
5805 0000 a3f3 ffff 2e00 0000 0041 0e10
8602 430d 0669 0c07 0800 0000 1c00 0000
7805 0000 b1f3 ffff 0f00 0000 0041 0e10
8602 430d 064a 0c07 0800 0000 1c00 0000
9805 0000 a0f3 ffff 2200 0000 0041 0e10
8602 430d 065d 0c07 0800 0000 1c00 0000
b805 0000 a2f3 ffff 2b00 0000 0041 0e10
8602 430d 0666 0c07 0800 0000 1c00 0000
d805 0000 adf3 ffff 2a00 0000 0041 0e10
8602 430d 0665 0c07 0800 0000 1c00 0000
f805 0000 b7f3 ffff 4800 0000 0041 0e10
8602 430d 0602 430c 0708 0000 1c00 0000
1806 0000 dff3 ffff 3100 0000 0041 0e10
8602 430d 066c 0c07 0800 0000 1c00 0000
3806 0000 f0f3 ffff 0f00 0000 0041 0e10
8602 430d 064a 0c07 0800 0000 1c00 0000
5806 0000 e0f3 ffff 0b00 0000 0041 0e10
8602 430d 0646 0c07 0800 0000 1c00 0000
7806 0000 ccf3 ffff 2300 0000 0041 0e10
8602 430d 065e 0c07 0800 0000 1c00 0000
9806 0000 cff3 ffff 1a00 0000 0041 0e10
8602 430d 0655 0c07 0800 0000 1c00 0000
b806 0000 caf3 ffff 0e00 0000 0041 0e10
8602 430d 0649 0c07 0800 0000 1c00 0000
d806 0000 b8f3 ffff 4200 0000 0041 0e10
8602 430d 067d 0c07 0800 0000 1c00 0000
f806 0000 daf3 ffff 1a00 0000 0041 0e10
8602 430d 0655 0c07 0800 0000 1c00 0000
1807 0000 d4f3 ffff 3100 0000 0041 0e10
8602 430d 066c 0c07 0800 0000 1c00 0000
3807 0000 e6f3 ffff 1400 0000 0041 0e10
8602 430d 064f 0c07 0800 0000 1c00 0000
5807 0000 daf3 ffff 2d00 0000 0041 0e10
8602 430d 0668 0c07 0800 0000 2000 0000
7807 0000 e7f3 ffff 4c00 0000 0041 0e10
8602 430d 0645 8303 0242 0c07 0800 0000
1c00 0000 9c07 0000 0ff4 ffff 2200 0000
0041 0e10 8602 430d 065d 0c07 0800 0000
2000 0000 bc07 0000 11f4 ffff 5800 0000
0041 0e10 8602 430d 0647 8c03 8304 024c
0c07 0800 1c00 0000 e007 0000 46f4 ffff
1100 0000 0041 0e10 8602 430d 064c 0c07
0800 0000 1c00 0000 0008 0000 37f4 ffff
0e00 0000 0041 0e10 8602 430d 0649 0c07
0800 0000 1c00 0000 2008 0000 25f4 ffff
0e00 0000 0041 0e10 8602 430d 0649 0c07
0800 0000 1c00 0000 4008 0000 13f4 ffff
3100 0000 0041 0e10 8602 430d 066c 0c07
0800 0000 1c00 0000 6008 0000 24f4 ffff
6500 0000 0041 0e10 8602 430d 0602 600c
0708 0000 1c00 0000 8008 0000 a5e7 ffff
4900 0000 0041 0e10 8602 430d 0602 440c
0708 0000 2000 0000 a008 0000 cee7 ffff
1500 0000 0041 0e10 8602 430d 0650 0c07
0800 0000 0000 0000 4400 0000 c408 0000
30f4 ffff 6500 0000 0042 0e10 8f02 420e
188e 0345 0e20 8d04 420e 288c 0548 0e30
8606 480e 3883 074d 0e40 720e 3841 0e30
410e 2842 0e20 420e 1842 0e10 420e 0800
1000 0000 0c09 0000 58f4 ffff 0200 0000
0000 0000 0000 0000 ffff 010f 2d05 0000
5ba8 01a7 0200 bc02 0500 00ff ff01 00ff
ff01 00ff ff01 0000 ff9b 2501 1a39 4300
00f4 0146 ea03 01e2 023d 0000 9604 45db
0400 e904 0500 0001 0000 0000 0000 0000
0000 0000 0000 0000 0000 0000 0000 0000
0000 0000 0000 0000 0000 0000 0000 0000
0000 0000 0000 0000 0000 0000 0000 0000
0000 0000 0000 0000 0000 0000 0000 0000
0000 0000 0000 0000 0000 0000 0000 0000
0000 0000 0000 0000 0000 0000 0000 0000
0000 0000 0000 0000 0000 0000 0000 0000
0000 0000 0000 0000 0000 0000 0000 0000
0000 0000 0000 0000 0000 0000 0000 0000
0000 0000 0000 0000 0000 0000 0000 0000
0000 0000 0000 0000 0000 0000 0000 0000
0000 0000 0000 0000 0000 0000 0000 0000
0000 0000 0000 0000 0000 0000 0000 0000
0000 0000 0000 0000 0000 0000 0000 0000
0000 0000 0000 0000 0000 0000 0000 0000
0000 0000 0000 0000 0000 0000 0000 0000
0000 0000 0000 0000 0000 0000 0000 0000
0000 0000 0000 0000 0000 0000 0000 0000
0000 0000 0000 0000 0000 0000 0000 0000
0000 0000 0000 0000 0000 0000 0000 0000
0000 0000 0000 0000 0000 0000 0000 0000
0000 0000 0000 0000 0000 0000 0000 0000
0000 0000 0000 0000 0000 0000 0000 0000
0000 0000 0000 0000 0000 0000 0000 0000
0000 0000 0000 0000 0000 0000 0000 0000
0000 0000 0000 0000 0000 0000 0000 0000
0000 0000 0000 0000 0000 0000 0000 0000
0000 0000 0000 0000 0000 0000 0000 0000
0000 0000 0000 0000 0000 0000 0000 0000
0000 0000 0000 0000 0000 0000 0000 0000
0000 0000 0000 0000 0000 0000 0000 0000
0000 0000 0000 0000 0000 0000 0000 0000
0000 0000 0000 0000 0000 0000 0000 0000
0000 0000 0000 0000 0000 0000 0000 0000
0000 0000 0000 0000 0000 0000 0000 0000
0000 0000 0000 0000 0000 0000 0000 0000
0000 0000 0000 0000 0000 0000 0000 0000
0000 0000 0000 0000 0000 0000 0000 0000
0000 0000 0000 0000 0000 0000 0000 0000
0000 0000 0000 0000 0000 0000 0000 0000
0000 0000 0000 0000 0000 0000 0000 0000
0000 0000 0000 0000 0000 0000 0000 0000
0000 0000 0000 0000 0000 0000 0000 0000
0000 0000 0000 0000 0000 0000 0000 0000
0000 0000 0000 0000 0000 0000 0000 0000
0000 0000 0000 0000 0000 0000 0000 0000
0000 0000 0000 0000 0000 0000 0000 0000
0000 0000 0000 0000 0000 0000 0000 0000
0000 0000 0000 0000 0000 0000 0000 0000
0000 0000 0000 0000 0000 0000 0000 0000
0000 0000 0000 0000 0000 0000 0000 0000
0000 0000 0000 0000 0000 0000 0000 0000
0000 0000 0000 0000 0000 0000 0000 0000
0000 0000 0000 0000 0000 0000 0000 0000
0000 0000 0000 0000 0000 0000 0000 0000
0000 0000 0000 0000 0000 0000 0000 0000
0000 0000 0000 0000 0000 0000 0000 0000
0000 0000 0000 0000 0000 0000 0000 0000
0000 0000 0000 0000 0000 0000 0000 0000
0000 0000 0000 0000 0000 0000 0000 0000
0000 0000 0000 0000 0000 0000 0000 0000
0000 0000 0000 0000 0000 0000 0000 0000
0000 0000 0000 0000 0000 0000 0000 0000
0000 0000 0000 0000 0000 0000 0000 0000
0000 0000 0000 0000 0000 0000 0000 0000
0000 0000 0000 0000 0000 0000 0000 0000
0000 0000 0000 0000 0000 0000 0000 0000
0000 0000 0000 0000 0000 0000 0000 0000
0000 0000 0000 0000 0000 0000 0000 0000
0000 0000 0000 0000 0000 0000 0000 0000
0000 0000 0000 0000 0000 0000 0000 0000
0000 0000 0000 0000 0000 0000 0000 0000
0000 0000 0000 0000 0000 0000 0000 0000
0000 0000 0000 0000 0000 0000 0000 0000
0000 0000 0000 0000 0000 0000 0000 0000
0000 0000 0000 0000 0000 0000 0000 0000
0000 0000 0000 0000 0000 0000 0000 0000
0000 0000 0000 0000 0000 0000 0000 0000
0000 0000 0000 0000 0000 0000 0000 0000
0000 0000 0000 0000 0000 0000 0000 0000
0000 0000 0000 0000 0000 0000 0000 0000
0000 0000 0000 0000 0000 0000 0000 0000
0000 0000 0000 0000 0000 0000 0000 0000
0000 0000 0000 0000 0000 0000 0000 0000
0000 0000 0000 0000 0000 0000 0000 0000
0000 0000 0000 0000 0000 0000 0000 0000
0000 0000 0000 0000 0000 0000 0000 0000
0000 0000 0000 0000 0000 0000 0000 0000
0000 0000 0000 0000 0000 0000 0000 0000
0000 0000 0000 0000 0000 0000 0000 0000
0000 0000 0000 0000 0000 0000 0000 0000
0000 0000 0000 0000 0000 0000 0000 0000
0000 0000 0000 0000 0000 0000 0000 0000
0000 0000 0000 0000 0000 0000 0000 0000
0000 0000 0000 0000 0000 0000 0000 0000
0000 0000 0000 0000 0000 0000 0000 0000
0000 0000 0000 0000 0000 0000 0000 0000
0000 0000 0000 0000 0000 0000 0000 0000
0000 0000 0000 0000 0000 0000 0000 0000
0000 0000 0000 0000 0000 0000 0000 0000
0000 0000 0000 0000 0000 0000 0000 0000
0000 0000 0000 0000 0000 0000 0000 0000
0000 0000 0000 0000 0000 0000 0000 0000
0000 0000 0000 0000 0000 0000 0000 0000
0000 0000 0000 0000 0000 0000 0000 0000
0000 0000 0000 0000 0000 0000 0000 0000
0000 0000 0000 0000 0000 0000 0000 0000
0000 0000 0000 0000 0000 0000 0000 0000
0000 0000 0000 0000 0000 0000 0000 0000
0000 0000 0000 0000 0000 0000 0000 0000
0000 0000 0000 0000 0000 0000 0000 0000
0000 0000 0000 0000 0000 0000 0000 0000
0000 0000 0000 0000 0000 0000 0000 0000
0000 0000 0000 0000 0000 0000 0000 0000
0000 0000 0000 0000 0000 0000 0000 0000
0000 0000 0000 0000 0000 0000 0000 0000
0000 0000 0000 0000 0000 0000 0000 0000
0000 0000 0000 0000 0000 0000 0000 0000
0000 0000 0000 0000 0000 0000 0000 0000
0000 0000 0000 0000 0000 0000 0000 0000
0000 0000 0000 0000 0000 0000 0000 0000
0000 0000 0000 0000 0000 0000 0000 0000
0000 0000 0000 0000 0000 0000 0000 0000
0000 0000 0000 0000 0000 0000 0000 0000
0000 0000 0000 0000 0000 0000 0000 0000
0000 0000 0000 0000 0000 0000 0000 0000
0000 0000 0000 0000 0000 0000 0000 0000
0000 0000 0000 0000 0000 0000 0000 0000
0000 0000 0000 0000 0000 0000 0000 0000
0000 0000 0000 0000 0000 0000 0000 0000
0000 0000 0000 0000 0000 0000 0000 0000
0000 0000 0000 0000 0000 0000 0000 0000
0000 0000 0000 0000 0000 0000 0000 0000
0000 0000 0000 0000 0000 0000 0000 0000
0000 0000 0000 0000 0000 0000 0000 0000
0000 0000 0000 0000 0000 0000 0000 0000
0000 0000 0000 0000 0000 0000 0000 0000
0000 0000 0000 0000 0000 0000 0000 0000
0000 0000 0000 0000 0000 0000 0000 0000
0000 0000 0000 0000 0000 0000 0000 0000
0000 0000 0000 0000 0000 0000 0000 0000
0000 0000 0000 0000 0000 0000 0000 0000
0000 0000 0000 0000 0000 0000 0000 0000
0000 0000 0000 0000 0000 0000 0000 0000
0000 0000 0000 0000 0000 0000 0000 0000
0000 0000 0000 0000 0000 0000 0000 0000
0000 0000 0000 0000 0000 0000 0000 0000
0000 0000 0000 0000 0000 0000 0000 0000
0000 0000 0000 0000 0000 0000 0000 0000
0000 0000 0000 0000 0000 0000 0000 0000
0000 0000 0000 0000 0000 0000 0000 0000
0000 0000 0000 0000 0000 0000 0000 0000
0000 0000 0000 0000 0000 0000 0000 0000
0000 0000 0000 0000 0000 0000 0000 0000
0000 0000 0000 0000 0000 0000 0000 0000
0000 0000 0000 0000 0000 0000 0000 0000
0000 0000 0000 0000 0000 0000 0000 0000
0000 0000 0000 0000 0000 0000 0000 0000
0000 0000 0000 0000 0000 0000 0000 0000
0000 0000 0000 0000 0000 0000 0000 0000
0000 0000 0000 0000 0000 0000 0000 0000
0000 0000 0000 0000 0000 0000 0000 0000
0000 0000 0000 0000 0000 0000 0000 0000
0000 0000 0000 0000 0000 0000 0000 0000
0000 0000 0000 0000 0000 0000 0000 0000
0000 0000 0000 0000 0000 0000 0000 0000
0000 0000 0000 0000 0000 0000 0000 0000
0000 0000 0000 0000 0000 0000 0000 0000
0000 0000 0000 0000 0000 0000 0000 0000
0000 0000 0000 0000 0000 0000 0000 0000
0000 0000 0000 0000 0000 0000 0000 0000
0000 0000 0000 0000 0000 0000 0000 0000
0000 0000 0000 0000 0000 0000 0000 0000
0000 0000 0000 0000 0000 0000 0000 0000
0000 0000 0000 0000 0000 0000 0000 0000
0000 0000 0000 0000 0000 0000 0000 0000
0000 0000 0000 0000 0000 0000 0000 0000
0000 0000 0000 0000 0000 0000 0000 0000
0000 0000 0000 0000 0000 0000 0000 0000
0000 0000 0000 0000 0000 0000 0000 0000
0000 0000 0000 0000 0000 0000 0000 0000
0000 0000 0000 0000 0000 0000 0000 0000
0000 0000 0000 0000 0000 0000 0000 0000
0000 0000 0000 0000 0000 0000 0000 0000
0000 0000 0000 0000 0000 0000 0000 0000
0000 0000 0000 0000 0000 0000 0000 0000
0000 0000 0000 0000 0000 0000 0000 0000
0000 0000 0000 0000 0000 0000 0000 0000
0000 0000 0000 0000 0000 0000 0000 0000
0000 0000 0000 0000 0000 0000 0000 0000
0000 0000 0000 0000 0000 0000 0000 0000
0000 0000 0000 0000 0000 0000 0000 0000
0000 0000 0000 0000 0000 0000 0000 0000
0000 0000 0000 0000 0000 0000 0000 0000
0000 0000 0000 0000 0000 0000 0000 0000
0000 0000 0000 0000 0000 0000 0000 0000
0000 0000 0000 0000 0000 0000 0000 0000
0000 0000 0000 0000 0000 0000 0000 0000
0000 0000 0000 0000 0000 0000 0000 0000
0000 0000 0000 0000 0000 0000 0000 0000
0000 0000 0000 0000 0000 0000 0000 0000
0000 0000 0000 0000 0000 0000 0000 0000
0000 0000 0000 0000 0000 0000 0000 0000
0000 0000 0000 0000 0000 0000 0000 0000
0000 0000 0000 0000 0000 0000 0000 0000
0000 0000 0000 0000 0000 0000 0000 0000
0000 0000 0000 0000 0000 0000 0000 0000
0000 0000 0000 0000 0000 0000 0000 0000
0000 0000 0000 0000 0000 0000 0000 0000
0000 0000 0000 0000 0000 0000 0000 0000
0000 0000 0000 0000 0000 0000 0000 0000
0000 0000 0000 0000 0000 0000 0000 0000
0000 0000 0000 0000 0000 0000 0000 0000
0000 0000 0000 0000 0000 0000 0000 0000
0000 0000 0000 0000 0000 0000 0000 0000
0000 0000 0000 0000 0000 0000 0000 0000
0000 0000 0000 0000 0000 0000 0000 0000
0000 0000 0000 0000 0000 0000 0000 0000
0000 0000 0000 0000 0000 0000 0000 0000
0000 0000 0000 0000 0000 0000 0000 0000
0000 0000 0000 0000 0000 0000 0000 0000
0000 0000 0000 0000 0000 0000 0000 0000
0000 0000 0000 0000 0000 0000 0000 0000
0000 0000 0000 0000 0000 0000 0000 0000
0000 0000 0000 0000 0000 0000 0000 0000
0000 0000 0000 0000 0000 0000 0000 0000
0000 0000 0000 0000 0000 0000 0000 0000
0000 0000 0000 0000 0000 0000 0000 0000
0000 0000 0000 0000 0000 0000 0000 0000
0000 0000 0000 0000 0000 0000 0000 0000
0000 0000 0000 0000 0000 0000 0000 0000
0000 0000 0000 0000 0000 0000 0000 0000
0000 0000 0000 0000 0000 0000 0000 0000
0000 0000 0000 0000 0000 0000 0000 0000
0000 0000 0000 0000 0000 0000 0000 0000
0000 0000 0000 0000 0000 0000 0000 0000
0000 0000 0000 0000 700d 0000 0000 0000
4a15 0000 0000 0000 300d 0000 0000 0000
0100 0000 0000 0000 0100 0000 0000 0000
0100 0000 0000 0000 b801 0000 0000 0000
0100 0000 0000 0000 d501 0000 0000 0000
0c00 0000 0000 0000 300b 0000 0000 0000
0d00 0000 0000 0000 4422 0000 0000 0000
1900 0000 0000 0000 083d 2000 0000 0000
1b00 0000 0000 0000 1000 0000 0000 0000
1a00 0000 0000 0000 183d 2000 0000 0000
1c00 0000 0000 0000 0800 0000 0000 0000
f5fe ff6f 0000 0000 9802 0000 0000 0000
0500 0000 0000 0000 4805 0000 0000 0000
0600 0000 0000 0000 c002 0000 0000 0000
0a00 0000 0000 0000 5b02 0000 0000 0000
0b00 0000 0000 0000 1800 0000 0000 0000
1500 0000 0000 0000 0000 0000 0000 0000
0300 0000 0000 0000 303f 2000 0000 0000
0200 0000 0000 0000 8001 0000 0000 0000
1400 0000 0000 0000 0700 0000 0000 0000
1700 0000 0000 0000 b009 0000 0000 0000
0700 0000 0000 0000 6008 0000 0000 0000
0800 0000 0000 0000 5001 0000 0000 0000
0900 0000 0000 0000 1800 0000 0000 0000
1e00 0000 0000 0000 0800 0000 0000 0000
fbff ff6f 0000 0000 0100 0008 0000 0000
feff ff6f 0000 0000 e007 0000 0000 0000
ffff ff6f 0000 0000 0300 0000 0000 0000
f0ff ff6f 0000 0000 a407 0000 0000 0000
f9ff ff6f 0000 0000 0400 0000 0000 0000
0000 0000 0000 0000 0000 0000 0000 0000
0000 0000 0000 0000 0000 0000 0000 0000
0000 0000 0000 0000 0000 0000 0000 0000
0000 0000 0000 0000 0000 0000 0000 0000
0000 0000 0000 0000 0000 0000 0000 0000
203d 2000 0000 0000 0000 0000 0000 0000
0000 0000 0000 0000 660b 0000 0000 0000
760b 0000 0000 0000 860b 0000 0000 0000
960b 0000 0000 0000 a60b 0000 0000 0000
b60b 0000 0000 0000 c60b 0000 0000 0000
d60b 0000 0000 0000 e60b 0000 0000 0000
f60b 0000 0000 0000 060c 0000 0000 0000
160c 0000 0000 0000 260c 0000 0000 0000
360c 0000 0000 0000 460c 0000 0000 0000
560c 0000 0000 0000 0000 0000 0000 0000
0000 0000 0000 0000 0000 0000 0000 0000
0000 0000 0000 0000 0000 0000 0000 0000
0000 0000 0000 0000 0000 0000 0000 0000
0000 0000 0000 0000 0840 2000 0000 0000
0000 0000 0000 0000 4743 433a 2028 5562
756e 7475 2037 2e35 2e30 2d33 7562 756e
7475 317e 3138 2e30 3429 2037 2e35 2e30
0000 0000 0000 0000 0000 0000 0000 0000
0000 0000 0000 0000 0000 0000 0000 0000
0000 0000 0300 0100 3802 0000 0000 0000
0000 0000 0000 0000 0000 0000 0300 0200
5402 0000 0000 0000 0000 0000 0000 0000
0000 0000 0300 0300 7402 0000 0000 0000
0000 0000 0000 0000 0000 0000 0300 0400
9802 0000 0000 0000 0000 0000 0000 0000
0000 0000 0300 0500 c002 0000 0000 0000
0000 0000 0000 0000 0000 0000 0300 0600
4805 0000 0000 0000 0000 0000 0000 0000
0000 0000 0300 0700 a407 0000 0000 0000
0000 0000 0000 0000 0000 0000 0300 0800
e007 0000 0000 0000 0000 0000 0000 0000
0000 0000 0300 0900 6008 0000 0000 0000
0000 0000 0000 0000 0000 0000 0300 0a00
b009 0000 0000 0000 0000 0000 0000 0000
0000 0000 0300 0b00 300b 0000 0000 0000
0000 0000 0000 0000 0000 0000 0300 0c00
500b 0000 0000 0000 0000 0000 0000 0000
0000 0000 0300 0d00 600c 0000 0000 0000
0000 0000 0000 0000 0000 0000 0300 0e00
700c 0000 0000 0000 0000 0000 0000 0000
0000 0000 0300 0f00 4422 0000 0000 0000
0000 0000 0000 0000 0000 0000 0300 1000
5022 0000 0000 0000 0000 0000 0000 0000
0000 0000 0300 1100 7022 0000 0000 0000
0000 0000 0000 0000 0000 0000 0300 1200
a824 0000 0000 0000 0000 0000 0000 0000
0000 0000 0300 1300 f82d 0000 0000 0000
0000 0000 0000 0000 0000 0000 0300 1400
083d 2000 0000 0000 0000 0000 0000 0000
0000 0000 0300 1500 183d 2000 0000 0000
0000 0000 0000 0000 0000 0000 0300 1600
203d 2000 0000 0000 0000 0000 0000 0000
0000 0000 0300 1700 303f 2000 0000 0000
0000 0000 0000 0000 0000 0000 0300 1800
0040 2000 0000 0000 0000 0000 0000 0000
0000 0000 0300 1900 2040 2000 0000 0000
0000 0000 0000 0000 0000 0000 0300 1a00
0000 0000 0000 0000 0000 0000 0000 0000
0100 0000 0400 f1ff 0000 0000 0000 0000
0000 0000 0000 0000 0c00 0000 0200 0e00
a00c 0000 0000 0000 0000 0000 0000 0000
0e00 0000 0200 0e00 e00c 0000 0000 0000
0000 0000 0000 0000 2100 0000 0200 0e00
300d 0000 0000 0000 0000 0000 0000 0000
3700 0000 0100 1900 5842 2000 0000 0000
0100 0000 0000 0000 4600 0000 0100 1500
183d 2000 0000 0000 0000 0000 0000 0000
6d00 0000 0200 0e00 700d 0000 0000 0000
0000 0000 0000 0000 7900 0000 0100 1400
083d 2000 0000 0000 0000 0000 0000 0000
9800 0000 0400 f1ff 0000 0000 0000 0000
0000 0000 0000 0000 ae00 0000 0100 1000
5422 0000 0000 0000 0100 0000 0000 0000
c900 0000 0100 1900 5942 2000 0000 0000
0100 0000 0000 0000 d800 0000 0200 0e00
0115 0000 0000 0000 4900 0000 0000 0000
0801 0000 0200 0e00 4a15 0000 0000 0000
1500 0000 0000 0000 0100 0000 0400 f1ff
0000 0000 0000 0000 0000 0000 0000 0000
2301 0000 0100 1200 f42d 0000 0000 0000
0000 0000 0000 0000 0000 0000 0400 f1ff
0000 0000 0000 0000 0000 0000 0000 0000
3101 0000 0000 1100 7022 0000 0000 0000
0000 0000 0000 0000 4401 0000 0100 1600
203d 2000 0000 0000 0000 0000 0000 0000
4d01 0000 0000 1400 183d 2000 0000 0000
0000 0000 0000 0000 5e01 0000 0000 1400
083d 2000 0000 0000 0000 0000 0000 0000
7101 0000 0100 1700 303f 2000 0000 0000
0000 0000 0000 0000 8701 0000 2200 0e00
9416 0000 0000 0000 1b00 0000 0000 0000
b501 0000 2200 0e00 f41c 0000 0000 0000
3300 0000 0000 0000 e001 0000 2200 0e00
6c1f 0000 0000 0000 4200 0000 0000 0000
0e02 0000 2200 0e00 361d 0000 0000 0000
5400 0000 0000 0000 5202 0000 2200 0e00
a21a 0000 0000 0000 1b00 0000 0000 0000
5f02 0000 2200 0e00 cc1d 0000 0000 0000
0b00 0000 0000 0000 8302 0000 2200 0e00
641a 0000 0000 0000 3e00 0000 0000 0000
b102 0000 2200 0e00 1816 0000 0000 0000
7b00 0000 0000 0000 d402 0000 2200 0e00
6217 0000 0000 0000 3900 0000 0000 0000
1403 0000 2200 0e00 d31e 0000 0000 0000
3100 0000 0000 0000 5f03 0000 2200 0e00
8a1d 0000 0000 0000 2600 0000 0000 0000
9203 0000 2200 0e00 141f 0000 0000 0000
0b00 0000 0000 0000 b603 0000 2200 0e00
051e 0000 0000 0000 0f00 0000 0000 0000
e503 0000 1000 1800 1840 2000 0000 0000
0000 0000 0000 0000 ec03 0000 2200 0e00
2a17 0000 0000 0000 2a00 0000 0000 0000
0d04 0000 2200 0e00 6021 0000 0000 0000
6500 0000 0000 0000 6304 0000 2200 0e00
d415 0000 0000 0000 4400 0000 0000 0000
370c 0000 2000 1800 0040 2000 0000 0000
0000 0000 0000 0000 7c04 0000 1100 1000
5022 0000 0000 0000 0400 0000 0000 0000
8b04 0000 1200 0000 0000 0000 0000 0000
0000 0000 0000 0000 b104 0000 2200 0e00
ae1f 0000 0000 0000 1a00 0000 0000 0000
d004 0000 2200 0e00 e817 0000 0000 0000
7c02 0000 0000 0000 2c05 0000 2200 0e00
b01c 0000 0000 0000 4300 0000 0000 0000
8905 0000 1200 0000 0000 0000 0000 0000
0000 0000 0000 0000 a705 0000 2200 0e00
b016 0000 0000 0000 1b00 0000 0000 0000
c705 0000 2200 0e00 681c 0000 0000 0000
4800 0000 0000 0000 e405 0000 2200 0000
0000 0000 0000 0000 0000 0000 0000 0000
0006 0000 2200 0e00 9815 0000 0000 0000
2000 0000 0000 0000 1906 0000 2200 0e00
b01d 0000 0000 0000 1b00 0000 0000 0000
2606 0000 1200 0e00 b413 0000 0000 0000
4d01 0000 0000 0000 2b06 0000 1200 0000
0000 0000 0000 0000 0000 0000 0000 0000
7306 0000 2200 0e00 0e20 0000 0000 0000
2d00 0000 0000 0000 ca06 0000 2200 0e00
a21a 0000 0000 0000 1b00 0000 0000 0000
d706 0000 1200 0000 0000 0000 0000 0000
0000 0000 0000 0000 0207 0000 2200 0e00
cc16 0000 0000 0000 5000 0000 0000 0000
2207 0000 2200 0e00 641a 0000 0000 0000
3e00 0000 0000 0000 5007 0000 1102 1800
0840 2000 0000 0000 0000 0000 0000 0000
5d07 0000 1200 0e00 3e13 0000 0000 0000
7600 0000 0000 0000 8007 0000 1200 0e00
7f0f 0000 0000 0000 da00 0000 0000 0000
a507 0000 1200 0000 0000 0000 0000 0000
0000 0000 0000 0000 bd07 0000 2200 0e00
5e1b 0000 0000 0000 1d00 0000 0000 0000
fb07 0000 2102 1800 1040 2000 0000 0000
0800 0000 0000 0000 1708 0000 2200 0e00
9416 0000 0000 0000 1b00 0000 0000 0000
7a0f 0000 1200 0f00 4422 0000 0000 0000
0000 0000 0000 0000 4508 0000 2200 0e00
9c17 0000 0000 0000 4c00 0000 0000 0000
6008 0000 1200 0e00 a70d 0000 0000 0000
e900 0000 0000 0000 8208 0000 2200 0e00
be1a 0000 0000 0000 3500 0000 0000 0000
b108 0000 2200 0e00 d415 0000 0000 0000
4400 0000 0000 0000 ca08 0000 2200 0e00
8b1e 0000 0000 0000 4800 0000 0000 0000
0f09 0000 2200 0e00 3b20 0000 0000 0000
4c00 0000 0000 0000 3e09 0000 1200 0000
0000 0000 0000 0000 0000 0000 0000 0000
5809 0000 1200 0e00 5910 0000 0000 0000
e502 0000 0000 0000 7c09 0000 1200 0000
0000 0000 0000 0000 0000 0000 0000 0000
9009 0000 2200 0e00 2f21 0000 0000 0000
3100 0000 0000 0000 3b0c 0000 1200 0e00
700c 0000 0000 0000 2b00 0000 0000 0000
bb09 0000 1200 0000 0000 0000 0000 0000
0000 0000 0000 0000 ce09 0000 1200 0000
0000 0000 0000 0000 0000 0000 0000 0000
ec09 0000 1200 0000 0000 0000 0000 0000
0000 0000 0000 0000 1d0e 0000 1200 0b00
300b 0000 0000 0000 0000 0000 0000 0000
080a 0000 2200 0e00 b01d 0000 0000 0000
1b00 0000 0000 0000 150a 0000 1102 1800
1840 2000 0000 0000 0000 0000 0000 0000
210a 0000 2200 0e00 cc16 0000 0000 0000
5000 0000 0000 0000 410a 0000 1200 0000
0000 0000 0000 0000 0000 0000 0000 0000
840a 0000 2200 0e00 5e1f 0000 0000 0000
0e00 0000 0000 0000 b80a 0000 2200 0e00
0221 0000 0000 0000 1100 0000 0000 0000
d90a 0000 1100 1900 2040 2000 0000 0000
1001 0000 0000 0000 f00a 0000 2200 0e00
141e 0000 0000 0000 2200 0000 0000 0000
110b 0000 2200 0e00 1a1b 0000 0000 0000
4300 0000 0000 0000 4e0b 0000 1200 0e00
900e 0000 0000 0000 ef00 0000 0000 0000
730b 0000 2200 0e00 8720 0000 0000 0000
2200 0000 0000 0000 c00b 0000 2200 0e00
a920 0000 0000 0000 5800 0000 0000 0000
ec0b 0000 2200 0e00 361e 0000 0000 0000
2b00 0000 0000 0000 020c 0000 2200 0e00
1c17 0000 0000 0000 0e00 0000 0000 0000
350c 0000 1000 1800 0040 2000 0000 0000
0000 0000 0000 0000 5901 0000 1000 1900
6042 2000 0000 0000 0000 0000 0000 0000
420c 0000 2200 0e00 ae1f 0000 0000 0000
1a00 0000 0000 0000 610c 0000 2200 0e00
f31a 0000 0000 0000 2600 0000 0000 0000
790c 0000 2200 0e00 041f 0000 0000 0000
0f00 0000 0000 0000 a90c 0000 2200 0e00
281d 0000 0000 0000 0e00 0000 0000 0000
e70c 0000 2200 0e00 fa1f 0000 0000 0000
1400 0000 0000 0000 130d 0000 1200 0000
0000 0000 0000 0000 0000 0000 0000 0000
2d0d 0000 2200 0e00 5e1b 0000 0000 0000
1d00 0000 0000 0000 6b0d 0000 2200 0e00
b815 0000 0000 0000 1b00 0000 0000 0000
840d 0000 2200 0e00 b016 0000 0000 0000
1b00 0000 0000 0000 a40d 0000 1000 1900
1840 2000 0000 0000 0000 0000 0000 0000
b00d 0000 1200 0000 0000 0000 0000 0000
0000 0000 0000 0000 d50d 0000 2200 0e00
c81f 0000 0000 0000 3100 0000 0000 0000
130e 0000 1200 0e00 d021 0000 0000 0000
6500 0000 0000 0000 230e 0000 2200 0e00
5f15 0000 0000 0000 1200 0000 0000 0000
2b0e 0000 2200 0e00 2121 0000 0000 0000
0e00 0000 0000 0000 470e 0000 1200 0000
0000 0000 0000 0000 0000 0000 0000 0000
5c0e 0000 1200 0000 0000 0000 0000 0000
0000 0000 0000 0000 780e 0000 1200 0000
0000 0000 0000 0000 0000 0000 0000 0000
990e 0000 2200 0e00 7c1b 0000 0000 0000
ec00 0000 0000 0000 c20e 0000 1200 0000
0000 0000 0000 0000 0000 0000 0000 0000
d90e 0000 2200 0e00 b815 0000 0000 0000
1b00 0000 0000 0000 f20e 0000 2000 0000
0000 0000 0000 0000 0000 0000 0000 0000
0e0f 0000 1200 0000 0000 0000 0000 0000
0000 0000 0000 0000 260f 0000 2200 0e00
1321 0000 0000 0000 0e00 0000 0000 0000
420f 0000 2200 0e00 611e 0000 0000 0000
2a00 0000 0000 0000 700f 0000 1200 0e00
4022 0000 0000 0000 0200 0000 0000 0000
800f 0000 1100 1900 4041 2000 0000 0000
1801 0000 0000 0000 960f 0000 2200 0e00
201f 0000 0000 0000 2300 0000 0000 0000
c60f 0000 2200 0e00 141f 0000 0000 0000
0b00 0000 0000 0000 ea0f 0000 1200 0000
0000 0000 0000 0000 0000 0000 0000 0000
0910 0000 2200 0e00 431f 0000 0000 0000
1a00 0000 0000 0000 3710 0000 2000 0000
0000 0000 0000 0000 0000 0000 0000 0000
4610 0000 2000 0000 0000 0000 0000 0000
0000 0000 0000 0000 6010 0000 2200 0e00
5417 0000 0000 0000 0e00 0000 0000 0000
1701 0000 1200 0e00 7a0d 0000 0000 0000
2d00 0000 0000 0000 9610 0000 2200 0e00
d71d 0000 0000 0000 2e00 0000 0000 0000
c910 0000 2200 0e00 cc1d 0000 0000 0000
0b00 0000 0000 0000 ed10 0000 2200 0e00
7215 0000 0000 0000 2600 0000 0000 0000
0a11 0000 1200 0000 0000 0000 0000 0000
0000 0000 0000 0000 0063 7274 7374 7566
662e 6300 6465 7265 6769 7374 6572 5f74
6d5f 636c 6f6e 6573 005f 5f64 6f5f 676c
6f62 616c 5f64 746f 7273 5f61 7578 0063
6f6d 706c 6574 6564 2e37 3639 3800 5f5f
646f 5f67 6c6f 6261 6c5f 6474 6f72 735f
6175 785f 6669 6e69 5f61 7272 6179 5f65
6e74 7279 0066 7261 6d65 5f64 756d 6d79
005f 5f66 7261 6d65 5f64 756d 6d79 5f69
6e69 745f 6172 7261 795f 656e 7472 7900
536f 7274 696e 6741 6c67 6f72 6974 686d
732e 6370 7000 5f5a 5374 4c31 3970 6965
6365 7769 7365 5f63 6f6e 7374 7275 6374
005f 5a53 744c 385f 5f69 6f69 6e69 7400
5f5a 3431 5f5f 7374 6174 6963 5f69 6e69
7469 616c 697a 6174 696f 6e5f 616e 645f
6465 7374 7275 6374 696f 6e5f 3069 6900
5f47 4c4f 4241 4c5f 5f73 7562 5f49 5f5f
5a34 7377 6170 5069 535f 005f 5f46 5241
4d45 5f45 4e44 5f5f 005f 5f47 4e55 5f45
485f 4652 414d 455f 4844 5200 5f44 594e
414d 4943 005f 5f69 6e69 745f 6172 7261
795f 656e 6400 5f5f 696e 6974 5f61 7272
6179 5f73 7461 7274 005f 474c 4f42 414c
5f4f 4646 5345 545f 5441 424c 455f 005f
5a4e 5374 3132 5f56 6563 746f 725f 6261
7365 4969 5361 4969 4545 3132 5f56 6563
746f 725f 696d 706c 4432 4576 005f 5a4e
5374 3132 5f56 6563 746f 725f 6261 7365
4969 5361 4969 4545 3131 5f4d 5f61 6c6c
6f63 6174 6545 6d00 5f5a 4e39 5f5f 676e
755f 6378 7831 336e 6577 5f61 6c6c 6f63
6174 6f72 4969 4538 616c 6c6f 6361 7465
456d 504b 7600 5f5a 5374 3334 5f5f 756e
696e 6974 6961 6c69 7a65 645f 6d6f 7665
5f69 665f 6e6f 6578 6365 7074 5f61 4950
6953 305f 5361 4969 4545 5430 5f54 5f53
335f 5332 5f52 5431 5f00 5f5a 4e53 6149
6945 4432 4576 005f 5a4e 395f 5f67 6e75
5f63 7878 3133 6e65 775f 616c 6c6f 6361
746f 7249 6945 4432 4576 005f 5a4e 5374
3132 5f56 6563 746f 725f 6261 7365 4969
5361 4969 4545 3132 5f56 6563 746f 725f
696d 706c 4332 4576 005f 5a4e 5374 3676
6563 746f 7249 6953 6149 6945 4539 7075
7368 5f62 6163 6b45 524b 6900 5f5a 4e53
7431 3661 6c6c 6f63 6174 6f72 5f74 7261
6974 7349 5361 4969 4545 3963 6f6e 7374
7275 6374 4969 4a52 4b69 4545 4576 5253
305f 5054 5f44 704f 5430 5f00 5f5a 5374
3232 5f5f 756e 696e 6974 6961 6c69 7a65
645f 636f 7079 5f61 4953 7431 336d 6f76
655f 6974 6572 6174 6f72 4950 6945 5331
5f69 4554 305f 545f 5334 5f53 335f 5253
6149 5431 5f45 005f 5a4e 5374 3136 616c
6c6f 6361 746f 725f 7472 6169 7473 4953
6149 6945 4537 6465 7374 726f 7949 6945
4576 5253 305f 5054 5f00 5f5a 4e39 5f5f
676e 755f 6378 7831 336e 6577 5f61 6c6c
6f63 6174 6f72 4969 4543 3145 7600 5f5a
4e53 7431 325f 4465 7374 726f 795f 6175
7849 4c62 3145 4539 5f5f 6465 7374 726f
7949 5069 4545 7654 5f53 335f 005f 6564
6174 6100 5f5a 5374 385f 4465 7374 726f
7949 5069 6945 7654 5f53 315f 5253 6149
5430 5f45 005f 5a4e 5374 3131 5f5f 636f
7079 5f6d 6f76 6549 4c62 3145 4c62 3145
5374 3236 7261 6e64 6f6d 5f61 6363 6573
735f 6974 6572 6174 6f72 5f74 6167 4538
5f5f 636f 7079 5f6d 4969 4545 5054 5f50
4b53 335f 5336 5f53 345f 005f 5a4e 5374
3676 6563 746f 7249 6953 6149 6945 4544
3145 7600 5f49 4f5f 7374 6469 6e5f 7573
6564 005f 5a53 7431 375f 5f74 6872 6f77
5f62 6164 5f61 6c6c 6f63 7640 4047 4c49
4243 5858 5f33 2e34 005f 5a4e 5374 3133
6d6f 7665 5f69 7465 7261 746f 7249 5069
4543 3245 5330 5f00 5f5a 4e53 7436 7665
6374 6f72 4969 5361 4969 4545 3137 5f4d
5f72 6561 6c6c 6f63 5f69 6e73 6572 7449
4a52 4b69 4545 4576 4e39 5f5f 676e 755f
6378 7831 375f 5f6e 6f72 6d61 6c5f 6974
6572 6174 6f72 4950 6953 315f 4545 4470
4f54 5f00 5f5a 4e39 5f5f 676e 755f 6378
786d 6949 5069 5374 3676 6563 746f 7249
6953 6149 6945 4545 454e 535f 3137 5f5f
6e6f 726d 616c 5f69 7465 7261 746f 7249
545f 5430 5f45 3135 6469 6666 6572 656e
6365 5f74 7970 6545 524b 5338 5f53 425f
005f 5f63 7861 5f62 6567 696e 5f63 6174
6368 4040 4358 5841 4249 5f31 2e33 005f
5a4e 5374 3132 5f56 6563 746f 725f 6261
7365 4969 5361 4969 4545 4331 4576 005f
5a4e 5374 3676 6563 746f 7249 6953 6149
6945 4535 6265 6769 6e45 7600 5f5f 6378
615f 6669 6e61 6c69 7a65 4040 474c 4942
435f 322e 322e 3500 5f5a 4e53 7436 7665
6374 6f72 4969 5361 4969 4545 6978 456d
005f 5a4e 5361 4969 4543 3245 7600 6d61
696e 005f 5a53 7434 656e 646c 4963 5374
3131 6368 6172 5f74 7261 6974 7349 6345
4552 5374 3133 6261 7369 635f 6f73 7472
6561 6d49 545f 5430 5f45 5336 5f40 4047
4c49 4243 5858 5f33 2e34 005f 5a4e 5374
3230 5f5f 756e 696e 6974 6961 6c69 7a65
645f 636f 7079 494c 6231 4545 3133 5f5f
756e 696e 6974 5f63 6f70 7949 5374 3133
6d6f 7665 5f69 7465 7261 746f 7249 5069
4553 335f 4545 5430 5f54 5f53 365f 5335
5f00 5f5a 4e53 6149 6945 4431 4576 005f
5a53 7432 305f 5f74 6872 6f77 5f6c 656e
6774 685f 6572 726f 7250 4b63 4040 474c
4942 4358 585f 332e 3400 5f5a 4e53 7431
325f 5665 6374 6f72 5f62 6173 6549 6953
6149 6945 4544 3145 7600 5f5a 4e53 7431
325f 5665 6374 6f72 5f62 6173 6549 6953
6149 6945 4531 325f 5665 6374 6f72 5f69
6d70 6c43 3145 7600 5f5f 6473 6f5f 6861
6e64 6c65 005f 5a31 306d 6572 6765 5f73
6f72 7452 5374 3676 6563 746f 7249 6953
6149 6945 4569 6900 5f5a 3134 7365 6c65
6374 696f 6e5f 736f 7274 5253 7436 7665
6374 6f72 4969 5361 4969 4545 005f 5a4e
5369 7273 4552 6940 4047 4c49 4243 5858
5f33 2e34 005f 5a4e 395f 5f67 6e75 5f63
7878 3137 5f5f 6e6f 726d 616c 5f69 7465
7261 746f 7249 5069 5374 3676 6563 746f
7249 6953 6149 6945 4545 4332 4552 4b53
315f 0044 572e 7265 662e 5f5f 6778 785f
7065 7273 6f6e 616c 6974 795f 7630 005f
5a4e 5374 3132 5f56 6563 746f 725f 6261
7365 4969 5361 4969 4545 3132 5f56 6563
746f 725f 696d 706c 4431 4576 005f 5a4e
5374 3676 6563 746f 7249 6953 6149 6945
4533 656e 6445 7600 5f5a 3131 6275 6262
6c65 5f73 6f72 7452 5374 3676 6563 746f
7249 6953 6149 6945 4500 5f5a 4e53 7431
325f 5665 6374 6f72 5f62 6173 6549 6953
6149 6945 4531 335f 4d5f 6465 616c 6c6f
6361 7465 4550 696d 005f 5a4e 5374 3676
6563 746f 7249 6953 6149 6945 4544 3245
7600 5f5a 5374 3332 5f5f 6d61 6b65 5f6d
6f76 655f 6966 5f6e 6f65 7863 6570 745f
6974 6572 6174 6f72 4969 5374 3133 6d6f
7665 5f69 7465 7261 746f 7249 5069 4545
5430 5f50 545f 005f 5a53 7434 636f 7079
4953 7431 336d 6f76 655f 6974 6572 6174
6f72 4950 6945 5331 5f45 5430 5f54 5f53
345f 5333 5f00 5f5f 6378 615f 6174 6578
6974 4040 474c 4942 435f 322e 322e 3500
5f5a 3130 6d65 7267 655f 6261 636b 5253
7436 7665 6374 6f72 4969 5361 4969 4545
6969 6900 5f5a 646c 5076 4040 474c 4942
4358 585f 332e 3400 5f5a 5374 3133 5f5f
636f 7079 5f6d 6f76 655f 6149 4c62 3145
5069 5330 5f45 5431 5f54 305f 5332 5f53
315f 005f 5a6e 776d 4040 474c 4942 4358
585f 332e 3400 5f5a 4e53 6f6c 7345 5046
5253 6f53 5f45 4040 474c 4942 4358 585f
332e 3400 5f5f 7374 6163 6b5f 6368 6b5f
6661 696c 4040 474c 4942 435f 322e 3400
5f5a 4e53 6149 6945 4331 4576 005f 5f54
4d43 5f45 4e44 5f5f 005f 5a4e 5374 3132
5f56 6563 746f 725f 6261 7365 4969 5361
4969 4545 4432 4576 005f 5a53 746c 7349
5374 3131 6368 6172 5f74 7261 6974 7349
6345 4552 5374 3133 6261 7369 635f 6f73
7472 6561 6d49 6354 5f45 5335 5f63 4040
474c 4942 4358 585f 332e 3400 5f5a 4e4b
5374 3132 5f56 6563 746f 725f 6261 7365
4969 5361 4969 4545 3139 5f4d 5f67 6574
5f54 705f 616c 6c6f 6361 746f 7245 7600
5f5a 4e4b 5374 3133 6d6f 7665 5f69 7465
7261 746f 7249 5069 4534 6261 7365 4576
005f 5a53 7434 636f 7574 4040 474c 4942
4358 585f 332e 3400 5f5a 4e4b 5374 3676
6563 746f 7249 6953 6149 6945 4538 6d61
785f 7369 7a65 4576 005f 5a4e 395f 5f67
6e75 5f63 7878 3133 6e65 775f 616c 6c6f
6361 746f 7249 6945 3963 6f6e 7374 7275
6374 4969 4a52 4b69 4545 4576 5054 5f44
704f 5430 5f00 5f5a 3134 696e 7365 7274
696f 6e5f 736f 7274 5253 7436 7665 6374
6f72 4969 5361 4969 4545 005f 5a53 7431
325f 5f6d 6974 6572 5f62 6173 6549 5069
4544 5463 6c31 325f 5f6d 6974 6572 5f62
6173 6563 6c64 7466 705f 3462 6173 6545
4545 5374 3133 6d6f 7665 5f69 7465 7261
746f 7249 545f 4500 5f5a 5374 3134 5f5f
636f 7079 5f6d 6f76 655f 6132 494c 6231
4550 6953 305f 4554 315f 5430 5f53 325f
5331 5f00 5f5a 5374 336d 6178 496d 4552
4b54 5f53 325f 5332 5f00 5f5a 4e53 7431
325f 5665 6374 6f72 5f62 6173 6549 6953
6149 6945 4531 395f 4d5f 6765 745f 5470
5f61 6c6c 6f63 6174 6f72 4576 005f 5f64
6174 615f 7374 6172 7400 5f5a 4e53 7431
336d 6f76 655f 6974 6572 6174 6f72 4950
6945 4331 4553 305f 005f 5a53 7438 5f44
6573 7472 6f79 4950 6945 7654 5f53 315f
005f 5a4e 395f 5f67 6e75 5f63 7878 3133
6e65 775f 616c 6c6f 6361 746f 7249 6945
3764 6573 7472 6f79 4969 4545 7650 545f
005f 5a4e 4b39 5f5f 676e 755f 6378 7831
375f 5f6e 6f72 6d61 6c5f 6974 6572 6174
6f72 4950 6953 7436 7665 6374 6f72 4969
5361 4969 4545 4534 6261 7365 4576 005f
5a4e 4b39 5f5f 676e 755f 6378 7831 336e
6577 5f61 6c6c 6f63 6174 6f72 4969 4538
6d61 785f 7369 7a65 4576 005f 5f63 7861
5f72 6574 6872 6f77 4040 4358 5841 4249
5f31 2e33 005f 5a4e 395f 5f67 6e75 5f63
7878 3137 5f5f 6e6f 726d 616c 5f69 7465
7261 746f 7249 5069 5374 3676 6563 746f
7249 6953 6149 6945 4545 4331 4552 4b53
315f 005f 5a4e 5374 3676 6563 746f 7249
6953 6149 6945 4543 3245 7600 5f5a 4e53
7431 325f 5665 6374 6f72 5f62 6173 6549
6953 6149 6945 4543 3245 7600 5f5f 6273
735f 7374 6172 7400 5f5a 4e53 7438 696f
735f 6261 7365 3449 6e69 7443 3145 7640
4047 4c49 4243 5858 5f33 2e34 005f 5a53
7431 3875 6e69 6e69 7469 616c 697a 6564
5f63 6f70 7949 5374 3133 6d6f 7665 5f69
7465 7261 746f 7249 5069 4553 315f 4554
305f 545f 5334 5f53 335f 005f 5f6c 6962
635f 6373 755f 696e 6974 005f 5a6e 776d
5076 005f 5a53 7431 325f 5f6e 6974 6572
5f62 6173 6549 5069 4554 5f53 315f 006d
656d 6d6f 7665 4040 474c 4942 435f 322e
322e 3500 5f5f 6378 615f 656e 645f 6361
7463 6840 4043 5858 4142 495f 312e 3300
5f5f 6778 785f 7065 7273 6f6e 616c 6974
795f 7630 4040 4358 5841 4249 5f31 2e33
005f 5a4e 4b53 7436 7665 6374 6f72 4969
5361 4969 4545 3132 5f4d 5f63 6865 636b
5f6c 656e 456d 504b 6300 5f5a 4e53 6f6c
7345 6940 4047 4c49 4243 5858 5f33 2e34
005f 5a4e 5374 3676 6563 746f 7249 6953
6149 6945 4543 3145 7600 5f49 544d 5f64
6572 6567 6973 7465 7254 4d43 6c6f 6e65
5461 626c 6500 5f55 6e77 696e 645f 5265
7375 6d65 4040 4743 435f 332e 3000 5f5a
5374 3132 5f5f 6d69 7465 725f 6261 7365
4950 6945 545f 5331 5f00 5f5a 4e53 7431
3661 6c6c 6f63 6174 6f72 5f74 7261 6974
7349 5361 4969 4545 3861 6c6c 6f63 6174
6545 5253 305f 6d00 5f5f 6c69 6263 5f63
7375 5f66 696e 6900 5f5a 5374 3363 696e
4040 474c 4942 4358 585f 332e 3400 5f5a
4e39 5f5f 676e 755f 6378 7831 336e 6577
5f61 6c6c 6f63 6174 6f72 4969 4531 3064
6561 6c6c 6f63 6174 6545 5069 6d00 5f5a
4e39 5f5f 676e 755f 6378 7831 336e 6577
5f61 6c6c 6f63 6174 6f72 4969 4543 3245
7600 5f5f 6c69 6263 5f73 7461 7274 5f6d
6169 6e40 4047 4c49 4243 5f32 2e32 2e35
005f 5a4e 5374 3136 616c 6c6f 6361 746f
725f 7472 6169 7473 4953 6149 6945 4538
6d61 785f 7369 7a65 4552 4b53 305f 005f
5f67 6d6f 6e5f 7374 6172 745f 5f00 5f49
544d 5f72 6567 6973 7465 7254 4d43 6c6f
6e65 5461 626c 6500 5f5a 5374 3766 6f72
7761 7264 4952 4b69 454f 545f 524e 5374
3136 7265 6d6f 7665 5f72 6566 6572 656e
6365 4953 325f 4534 7479 7065 4500 5f5a
4e53 7431 3661 6c6c 6f63 6174 6f72 5f74
7261 6974 7349 5361 4969 4545 3130 6465
616c 6c6f 6361 7465 4552 5330 5f50 696d
005f 5a4e 395f 5f67 6e75 5f63 7878 3133
6e65 775f 616c 6c6f 6361 746f 7249 6945
4431 4576 005f 5a4e 4b53 7436 7665 6374
6f72 4969 5361 4969 4545 3473 697a 6545
7600 5f5a 4e53 7438 696f 735f 6261 7365
3449 6e69 7444 3145 7640 4047 4c49 4243
5858 5f33 2e34 0000 2e73 796d 7461 6200
2e73 7472 7461 6200 2e73 6873 7472 7461
6200 2e69 6e74 6572 7000 2e6e 6f74 652e
4142 492d 7461 6700 2e6e 6f74 652e 676e
752e 6275 696c 642d 6964 002e 676e 752e
6861 7368 002e 6479 6e73 796d 002e 6479
6e73 7472 002e 676e 752e 7665 7273 696f
6e00 2e67 6e75 2e76 6572 7369 6f6e 5f72
002e 7265 6c61 2e64 796e 002e 7265 6c61
2e70 6c74 002e 696e 6974 002e 706c 742e
676f 7400 2e74 6578 7400 2e66 696e 6900
2e72 6f64 6174 6100 2e65 685f 6672 616d
655f 6864 7200 2e65 685f 6672 616d 6500
2e67 6363 5f65 7863 6570 745f 7461 626c
6500 2e69 6e69 745f 6172 7261 7900 2e66
696e 695f 6172 7261 7900 2e64 796e 616d
6963 002e 6461 7461 002e 6273 7300 2e63
6f6d 6d65 6e74 0000 0000 0000 0000 0000
0000 0000 0000 0000 0000 0000 0000 0000
0000 0000 0000 0000 0000 0000 0000 0000
0000 0000 0000 0000 0000 0000 0000 0000
0000 0000 0000 0000 1b00 0000 0100 0000
0200 0000 0000 0000 3802 0000 0000 0000
3802 0000 0000 0000 1c00 0000 0000 0000
0000 0000 0000 0000 0100 0000 0000 0000
0000 0000 0000 0000 2300 0000 0700 0000
0200 0000 0000 0000 5402 0000 0000 0000
5402 0000 0000 0000 2000 0000 0000 0000
0000 0000 0000 0000 0400 0000 0000 0000
0000 0000 0000 0000 3100 0000 0700 0000
0200 0000 0000 0000 7402 0000 0000 0000
7402 0000 0000 0000 2400 0000 0000 0000
0000 0000 0000 0000 0400 0000 0000 0000
0000 0000 0000 0000 4400 0000 f6ff ff6f
0200 0000 0000 0000 9802 0000 0000 0000
9802 0000 0000 0000 2800 0000 0000 0000
0500 0000 0000 0000 0800 0000 0000 0000
0000 0000 0000 0000 4e00 0000 0b00 0000
0200 0000 0000 0000 c002 0000 0000 0000
c002 0000 0000 0000 8802 0000 0000 0000
0600 0000 0100 0000 0800 0000 0000 0000
1800 0000 0000 0000 5600 0000 0300 0000
0200 0000 0000 0000 4805 0000 0000 0000
4805 0000 0000 0000 5b02 0000 0000 0000
0000 0000 0000 0000 0100 0000 0000 0000
0000 0000 0000 0000 5e00 0000 ffff ff6f
0200 0000 0000 0000 a407 0000 0000 0000
a407 0000 0000 0000 3600 0000 0000 0000
0500 0000 0000 0000 0200 0000 0000 0000
0200 0000 0000 0000 6b00 0000 feff ff6f
0200 0000 0000 0000 e007 0000 0000 0000
e007 0000 0000 0000 8000 0000 0000 0000
0600 0000 0300 0000 0800 0000 0000 0000
0000 0000 0000 0000 7a00 0000 0400 0000
0200 0000 0000 0000 6008 0000 0000 0000
6008 0000 0000 0000 5001 0000 0000 0000
0500 0000 0000 0000 0800 0000 0000 0000
1800 0000 0000 0000 8400 0000 0400 0000
4200 0000 0000 0000 b009 0000 0000 0000
b009 0000 0000 0000 8001 0000 0000 0000
0500 0000 1700 0000 0800 0000 0000 0000
1800 0000 0000 0000 8e00 0000 0100 0000
0600 0000 0000 0000 300b 0000 0000 0000
300b 0000 0000 0000 1700 0000 0000 0000
0000 0000 0000 0000 0400 0000 0000 0000
0000 0000 0000 0000 8900 0000 0100 0000
0600 0000 0000 0000 500b 0000 0000 0000
500b 0000 0000 0000 1001 0000 0000 0000
0000 0000 0000 0000 1000 0000 0000 0000
1000 0000 0000 0000 9400 0000 0100 0000
0600 0000 0000 0000 600c 0000 0000 0000
600c 0000 0000 0000 0800 0000 0000 0000
0000 0000 0000 0000 0800 0000 0000 0000
0800 0000 0000 0000 9d00 0000 0100 0000
0600 0000 0000 0000 700c 0000 0000 0000
700c 0000 0000 0000 d215 0000 0000 0000
0000 0000 0000 0000 1000 0000 0000 0000
0000 0000 0000 0000 a300 0000 0100 0000
0600 0000 0000 0000 4422 0000 0000 0000
4422 0000 0000 0000 0900 0000 0000 0000
0000 0000 0000 0000 0400 0000 0000 0000
0000 0000 0000 0000 a900 0000 0100 0000
0200 0000 0000 0000 5022 0000 0000 0000
5022 0000 0000 0000 1f00 0000 0000 0000
0000 0000 0000 0000 0400 0000 0000 0000
0000 0000 0000 0000 b100 0000 0100 0000
0200 0000 0000 0000 7022 0000 0000 0000
7022 0000 0000 0000 3402 0000 0000 0000
0000 0000 0000 0000 0400 0000 0000 0000
0000 0000 0000 0000 bf00 0000 0100 0000
0200 0000 0000 0000 a824 0000 0000 0000
a824 0000 0000 0000 5009 0000 0000 0000
0000 0000 0000 0000 0800 0000 0000 0000
0000 0000 0000 0000 c900 0000 0100 0000
0200 0000 0000 0000 f82d 0000 0000 0000
f82d 0000 0000 0000 4800 0000 0000 0000
0000 0000 0000 0000 0400 0000 0000 0000
0000 0000 0000 0000 db00 0000 0e00 0000
0300 0000 0000 0000 083d 2000 0000 0000
083d 0000 0000 0000 1000 0000 0000 0000
0000 0000 0000 0000 0800 0000 0000 0000
0800 0000 0000 0000 e700 0000 0f00 0000
0300 0000 0000 0000 183d 2000 0000 0000
183d 0000 0000 0000 0800 0000 0000 0000
0000 0000 0000 0000 0800 0000 0000 0000
0800 0000 0000 0000 f300 0000 0600 0000
0300 0000 0000 0000 203d 2000 0000 0000
203d 0000 0000 0000 1002 0000 0000 0000
0600 0000 0000 0000 0800 0000 0000 0000
1000 0000 0000 0000 9800 0000 0100 0000
0300 0000 0000 0000 303f 2000 0000 0000
303f 0000 0000 0000 d000 0000 0000 0000
0000 0000 0000 0000 0800 0000 0000 0000
0800 0000 0000 0000 fc00 0000 0100 0000
0300 0000 0000 0000 0040 2000 0000 0000
0040 0000 0000 0000 1800 0000 0000 0000
0000 0000 0000 0000 0800 0000 0000 0000
0000 0000 0000 0000 0201 0000 0800 0000
0300 0000 0000 0000 2040 2000 0000 0000
1840 0000 0000 0000 4002 0000 0000 0000
0000 0000 0000 0000 2000 0000 0000 0000
0000 0000 0000 0000 0701 0000 0100 0000
3000 0000 0000 0000 0000 0000 0000 0000
1840 0000 0000 0000 2900 0000 0000 0000
0000 0000 0000 0000 0100 0000 0000 0000
0100 0000 0000 0000 0100 0000 0200 0000
0000 0000 0000 0000 0000 0000 0000 0000
4840 0000 0000 0000 300f 0000 0000 0000
1c00 0000 3000 0000 0800 0000 0000 0000
1800 0000 0000 0000 0900 0000 0300 0000
0000 0000 0000 0000 0000 0000 0000 0000
784f 0000 0000 0000 2f11 0000 0000 0000
0000 0000 0000 0000 0100 0000 0000 0000
0000 0000 0000 0000 1100 0000 0300 0000
0000 0000 0000 0000 0000 0000 0000 0000
a760 0000 0000 0000 1001 0000 0000 0000
0000 0000 0000 0000 0100 0000 0000 0000
0000 0000 0000 0000 